2019-09-30 20:16:01 [INFO] pandownload version: 2.1.3
2019-09-30 20:16:03 [INFO] aria2 websocket connection opened (127.0.0.1:36951)
2019-09-30 20:16:03 [INFO] aria2 version: 1.34.0
2019-09-30 20:16:03 [INFO] aria2 json-rpc path: http://token:pandownload@127.0.0.1:36951/jsonrpc
2019-09-30 20:16:03 [INFO] create main window
2019-09-30 20:16:03 [INFO] verify cookie (637)
2019-09-30 20:16:06 [INFO] user login success (3694736204): 满载的菠萝
2019-09-30 20:16:25 [WARN] ID#1 - user is not authorized, hitcode:118(-1) FILE="D:/BaiduNetdiskDownload/LSJ20190921.rar" SIZE="43402558"
2019-09-30 20:16:26 [WARN] ID#1 - user is not authorized, hitcode:118(-1) FILE="D:/BaiduNetdiskDownload/LSJ20190921.rar" SIZE="43402558"
2019-09-30 20:16:27 [WARN] ID#1 - user is not authorized, hitcode:118(-1) FILE="D:/BaiduNetdiskDownload/LSJ20190921.rar" SIZE="43402558"
2019-09-30 20:18:06 [WARN] script log (默认): user is not authorized, hitcode:118
2019-09-30 20:18:06 [WARN] ID#1 - user is not authorized, hitcode:118(-1) FILE="D:/BaiduNetdiskDownload/LSJ20190921.rar" SIZE="43402558"
2019-09-30 20:18:08 [WARN] script log (默认): user is not authorized, hitcode:118
2019-09-30 20:18:08 [WARN] ID#1 - user is not authorized, hitcode:118(-1) FILE="D:/BaiduNetdiskDownload/LSJ20190921.rar" SIZE="43402558"
2019-09-30 20:18:08 [WARN] script log (默认): user is not authorized, hitcode:118
2019-09-30 20:18:08 [WARN] ID#1 - user is not authorized, hitcode:118(-1) FILE="D:/BaiduNetdiskDownload/LSJ20190921.rar" SIZE="43402558"
2019-09-30 20:18:19 [WARN] script log (默认): user is not authorized, hitcode:118
2019-09-30 20:18:19 [WARN] ID#1 - user is not authorized, hitcode:118(-1) FILE="D:/BaiduNetdiskDownload/LSJ20190921.rar" SIZE="43402558"
2019-09-30 20:18:20 [WARN] script log (默认): user is not authorized, hitcode:118
2019-09-30 20:18:20 [WARN] ID#1 - user is not authorized, hitcode:118(-1) FILE="D:/BaiduNetdiskDownload/LSJ20190921.rar" SIZE="43402558"
2019-09-30 20:18:20 [WARN] script log (默认): user is not authorized, hitcode:118
2019-09-30 20:18:20 [WARN] ID#1 - user is not authorized, hitcode:118(-1) FILE="D:/BaiduNetdiskDownload/LSJ20190921.rar" SIZE="43402558"
2019-09-30 22:20:21 [WARN] script log (默认): user is not authorized, hitcode:118
2019-09-30 22:20:21 [WARN] ID#1 - user is not authorized, hitcode:118(-1) FILE="D:/BaiduNetdiskDownload/LSJ20190921.rar" SIZE="43402558"
2019-09-30 22:20:22 [WARN] script log (默认): user is not authorized, hitcode:118
2019-09-30 22:20:22 [WARN] ID#1 - user is not authorized, hitcode:118(-1) FILE="D:/BaiduNetdiskDownload/LSJ20190921.rar" SIZE="43402558"
2019-09-30 22:20:22 [WARN] script log (默认): user is not authorized, hitcode:118
2019-09-30 22:20:23 [WARN] ID#1 - user is not authorized, hitcode:118(-1) FILE="D:/BaiduNetdiskDownload/LSJ20190921.rar" SIZE="43402558"
2019-09-30 22:25:03 [WARN] ID#1 - user is not authorized, hitcode:118(-1) FILE="D:/BaiduNetdiskDownload/[POISON N°9 Bambina].7z" SIZE="779476786"
2019-09-30 22:25:04 [WARN] ID#1 - user is not authorized, hitcode:118(-1) FILE="D:/BaiduNetdiskDownload/[POISON N°9 Bambina].7z" SIZE="779476786"
2019-09-30 22:25:05 [WARN] ID#1 - user is not authorized, hitcode:118(-1) FILE="D:/BaiduNetdiskDownload/[POISON N°9 Bambina].7z" SIZE="779476786"
2019-09-30 22:29:48 [INFO] close main window
2019-09-30 22:29:48 [WARN] aria2 websocket connection closed (127.0.0.1:36951), code: 1000 (Normal close), reason: aria2 shutdown
2019-09-30 22:29:49 [INFO] websocket client stop
2019-09-30 22:29:49 [INFO] exit
