2019-07-26 09:04:22 [INFO] pandownload version: 2.1.2
2019-07-26 09:04:24 [INFO] aria2 websocket connection opened (127.0.0.1:36933)
2019-07-26 09:04:24 [INFO] aria2 version: 1.34.0
2019-07-26 09:04:24 [INFO] aria2 json-rpc path: http://token:pandownload@127.0.0.1:36933/jsonrpc
2019-07-26 09:04:25 [INFO] create main window
2019-07-26 09:04:25 [INFO] verify cookie (638)
2019-07-26 09:04:26 [INFO] user login success (3694736204): 满载的菠萝
2019-07-26 09:08:55 [WARN] ID#4 - No URI available.(2) FILE="D:/BaiduNetdiskDownload/在地下城寻求邂逅是否搞错了什么mp4鈴風字幕/(10).mp4" SIZE="194325403"
2019-07-26 09:08:58 [WARN] ID#6 - No URI available.(22) FILE="D:/BaiduNetdiskDownload/在地下城寻求邂逅是否搞错了什么mp4鈴風字幕/(08).mp4" SIZE="194314276"
2019-07-26 09:10:45 [WARN] ID#5 - No URI available.(2) FILE="D:/BaiduNetdiskDownload/在地下城寻求邂逅是否搞错了什么mp4鈴風字幕/(09).mp4" SIZE="194256366"
2019-07-26 09:12:01 [WARN] ID#4 - No URI available.(2) FILE="D:/BaiduNetdiskDownload/在地下城寻求邂逅是否搞错了什么mp4鈴風字幕/(10).mp4" SIZE="194325403"
2019-07-26 09:12:07 [WARN] ID#4 - No URI available.(22) FILE="D:/BaiduNetdiskDownload/在地下城寻求邂逅是否搞错了什么mp4鈴風字幕/(10).mp4" SIZE="194325403"
2019-07-26 09:12:09 [WARN] ID#9 - The response status is not successful. status=403(22) FILE="D:/BaiduNetdiskDownload/在地下城寻求邂逅是否搞错了什么mp4鈴風字幕/(05).mp4" SIZE="194369597"
2019-07-26 09:14:12 [WARN] ID#8 - No URI available.(2) FILE="D:/BaiduNetdiskDownload/在地下城寻求邂逅是否搞错了什么mp4鈴風字幕/(06).mp4" SIZE="193980633"
2019-07-26 09:14:59 [WARN] ID#6 - No URI available.(2) FILE="D:/BaiduNetdiskDownload/在地下城寻求邂逅是否搞错了什么mp4鈴風字幕/(08).mp4" SIZE="194314276"
2019-07-26 09:16:32 [WARN] ID#9 - No URI available.(2) FILE="D:/BaiduNetdiskDownload/在地下城寻求邂逅是否搞错了什么mp4鈴風字幕/(05).mp4" SIZE="194369597"
2019-07-26 09:17:44 [WARN] ID#9 - No URI available.(22) FILE="D:/BaiduNetdiskDownload/在地下城寻求邂逅是否搞错了什么mp4鈴風字幕/(05).mp4" SIZE="194369597"
2019-07-26 09:17:44 [WARN] ID#6 - No URI available.(22) FILE="D:/BaiduNetdiskDownload/在地下城寻求邂逅是否搞错了什么mp4鈴風字幕/(08).mp4" SIZE="194314276"
2019-07-26 09:17:45 [WARN] ID#11 - The response status is not successful. status=403(22) FILE="D:/BaiduNetdiskDownload/在地下城寻求邂逅是否搞错了什么mp4鈴風字幕/(03).mp4" SIZE="194371188"
2019-07-26 09:17:46 [WARN] ID#11 - The response status is not successful. status=403(22) FILE="D:/BaiduNetdiskDownload/在地下城寻求邂逅是否搞错了什么mp4鈴風字幕/(03).mp4" SIZE="194371188"
2019-07-26 09:18:06 [WARN] ID#8 - No URI available.(2) FILE="D:/BaiduNetdiskDownload/在地下城寻求邂逅是否搞错了什么mp4鈴風字幕/(06).mp4" SIZE="193980633"
2019-07-26 09:20:39 [WARN] ID#8 - No URI available.(22) FILE="D:/BaiduNetdiskDownload/在地下城寻求邂逅是否搞错了什么mp4鈴風字幕/(06).mp4" SIZE="193980633"
2019-07-26 09:23:55 [WARN] ID#11 - No URI available.(2) FILE="D:/BaiduNetdiskDownload/在地下城寻求邂逅是否搞错了什么mp4鈴風字幕/(03).mp4" SIZE="194371188"
2019-07-26 09:24:48 [WARN] ID#12 - No URI available.(2) FILE="D:/BaiduNetdiskDownload/在地下城寻求邂逅是否搞错了什么mp4鈴風字幕/(02).mp4" SIZE="194434069"
2019-07-26 09:24:50 [WARN] ID#12 - No URI available.(22) FILE="D:/BaiduNetdiskDownload/在地下城寻求邂逅是否搞错了什么mp4鈴風字幕/(02).mp4" SIZE="194434069"
2019-07-26 09:24:50 [WARN] ID#10 - No URI available.(22) FILE="D:/BaiduNetdiskDownload/在地下城寻求邂逅是否搞错了什么mp4鈴風字幕/(04).mp4" SIZE="194299763"
2019-07-26 09:24:52 [WARN] ID#12 - The response status is not successful. status=403(22) FILE="D:/BaiduNetdiskDownload/在地下城寻求邂逅是否搞错了什么mp4鈴風字幕/(02).mp4" SIZE="194434069"
2019-07-26 09:27:34 [WARN] ID#13 - No URI available.(2) FILE="D:/BaiduNetdiskDownload/在地下城寻求邂逅是否搞错了什么mp4鈴風字幕/(01).mp4" SIZE="193987880"
2019-07-26 09:27:48 [WARN] ID#10 - No URI available.(2) FILE="D:/BaiduNetdiskDownload/在地下城寻求邂逅是否搞错了什么mp4鈴風字幕/(04).mp4" SIZE="194299763"
2019-07-26 09:27:49 [WARN] ID#10 - The response status is not successful. status=403(22) FILE="D:/BaiduNetdiskDownload/在地下城寻求邂逅是否搞错了什么mp4鈴風字幕/(04).mp4" SIZE="194299763"
2019-07-26 09:30:48 [WARN] ID#13 - No URI available.(2) FILE="D:/BaiduNetdiskDownload/在地下城寻求邂逅是否搞错了什么mp4鈴風字幕/(01).mp4" SIZE="193987880"
2019-07-26 09:33:53 [WARN] ID#13 - No URI available.(2) FILE="D:/BaiduNetdiskDownload/在地下城寻求邂逅是否搞错了什么mp4鈴風字幕/(01).mp4" SIZE="193987880"
2019-07-26 13:33:35 [WARN] ID#8 - No URI available.(22) FILE="D:/BaiduNetdiskDownload/在地下城寻求邂逅是否搞错了什么mp4鈴風字幕/(06).mp4" SIZE="193980633"
2019-07-26 13:33:36 [WARN] ID#8 - The response status is not successful. status=403(22) FILE="D:/BaiduNetdiskDownload/在地下城寻求邂逅是否搞错了什么mp4鈴風字幕/(06).mp4" SIZE="193980633"
2019-07-26 13:34:19 [WARN] ID#4 - No URI available.(22) FILE="D:/BaiduNetdiskDownload/在地下城寻求邂逅是否搞错了什么mp4鈴風字幕/(10).mp4" SIZE="194325403"
2019-07-26 13:34:27 [WARN] ID#4 - The response status is not successful. status=403(22) FILE="D:/BaiduNetdiskDownload/在地下城寻求邂逅是否搞错了什么mp4鈴風字幕/(10).mp4" SIZE="194325403"
2019-07-26 13:34:29 [WARN] ID#4 - The response status is not successful. status=403(22) FILE="D:/BaiduNetdiskDownload/在地下城寻求邂逅是否搞错了什么mp4鈴風字幕/(10).mp4" SIZE="194325403"
2019-07-26 13:34:33 [WARN] ID#9 - No URI available.(22) FILE="D:/BaiduNetdiskDownload/在地下城寻求邂逅是否搞错了什么mp4鈴風字幕/(05).mp4" SIZE="194369597"
2019-07-26 13:34:33 [WARN] ID#8 - No URI available.(22) FILE="D:/BaiduNetdiskDownload/在地下城寻求邂逅是否搞错了什么mp4鈴風字幕/(06).mp4" SIZE="193980633"
2019-07-26 13:34:37 [WARN] ID#9 - No URI available.(22) FILE="D:/BaiduNetdiskDownload/在地下城寻求邂逅是否搞错了什么mp4鈴風字幕/(05).mp4" SIZE="194369597"
2019-07-26 13:34:39 [WARN] ID#9 - The response status is not successful. status=403(22) FILE="D:/BaiduNetdiskDownload/在地下城寻求邂逅是否搞错了什么mp4鈴風字幕/(05).mp4" SIZE="194369597"
2019-07-26 13:34:39 [WARN] ID#10 - No URI available.(22) FILE="D:/BaiduNetdiskDownload/在地下城寻求邂逅是否搞错了什么mp4鈴風字幕/(04).mp4" SIZE="194299763"
2019-07-26 13:34:40 [WARN] ID#10 - The response status is not successful. status=403(22) FILE="D:/BaiduNetdiskDownload/在地下城寻求邂逅是否搞错了什么mp4鈴風字幕/(04).mp4" SIZE="194299763"
2019-07-26 13:34:41 [WARN] ID#11 - The response status is not successful. status=403(22) FILE="D:/BaiduNetdiskDownload/在地下城寻求邂逅是否搞错了什么mp4鈴風字幕/(03).mp4" SIZE="194371188"
2019-07-26 13:34:44 [WARN] ID#11 - The response status is not successful. status=403(22) FILE="D:/BaiduNetdiskDownload/在地下城寻求邂逅是否搞错了什么mp4鈴風字幕/(03).mp4" SIZE="194371188"
2019-07-26 13:34:51 [WARN] ID#11 - No URI available.(22) FILE="D:/BaiduNetdiskDownload/在地下城寻求邂逅是否搞错了什么mp4鈴風字幕/(03).mp4" SIZE="194371188"
2019-07-26 13:34:53 [WARN] ID#12 - The response status is not successful. status=403(22) FILE="D:/BaiduNetdiskDownload/在地下城寻求邂逅是否搞错了什么mp4鈴風字幕/(02).mp4" SIZE="194434069"
2019-07-26 13:35:50 [WARN] ID#12 - No URI available.(22) FILE="D:/BaiduNetdiskDownload/在地下城寻求邂逅是否搞错了什么mp4鈴風字幕/(02).mp4" SIZE="194434069"
2019-07-26 13:35:51 [WARN] ID#12 - The response status is not successful. status=403(22) FILE="D:/BaiduNetdiskDownload/在地下城寻求邂逅是否搞错了什么mp4鈴風字幕/(02).mp4" SIZE="194434069"
2019-07-26 13:35:52 [WARN] ID#13 - The response status is not successful. status=403(22) FILE="D:/BaiduNetdiskDownload/在地下城寻求邂逅是否搞错了什么mp4鈴風字幕/(01).mp4" SIZE="193987880"
2019-07-26 13:35:54 [WARN] ID#13 - The response status is not successful. status=403(22) FILE="D:/BaiduNetdiskDownload/在地下城寻求邂逅是否搞错了什么mp4鈴風字幕/(01).mp4" SIZE="193987880"
2019-07-26 13:36:19 [WARN] ID#13 - No URI available.(22) FILE="D:/BaiduNetdiskDownload/在地下城寻求邂逅是否搞错了什么mp4鈴風字幕/(01).mp4" SIZE="193987880"
2019-07-26 13:37:06 [WARN] ID#6 - No URI available.(2) FILE="D:/BaiduNetdiskDownload/在地下城寻求邂逅是否搞错了什么mp4鈴風字幕/(08).mp4" SIZE="194314276"
2019-07-26 13:39:59 [WARN] ID#10 - No URI available.(2) FILE="D:/BaiduNetdiskDownload/在地下城寻求邂逅是否搞错了什么mp4鈴風字幕/(04).mp4" SIZE="194299763"
2019-07-26 13:40:46 [WARN] ID#6 - No URI available.(2) FILE="D:/BaiduNetdiskDownload/在地下城寻求邂逅是否搞错了什么mp4鈴風字幕/(08).mp4" SIZE="194314276"
2019-07-26 13:45:38 [WARN] ID#6 - No URI available.(2) FILE="D:/BaiduNetdiskDownload/在地下城寻求邂逅是否搞错了什么mp4鈴風字幕/(08).mp4" SIZE="194314276"
2019-07-26 14:17:32 [WARN] ID#8 - No URI available.(22) FILE="D:/BaiduNetdiskDownload/在地下城寻求邂逅是否搞错了什么mp4鈴風字幕/(06).mp4" SIZE="193980633"
2019-07-26 14:17:33 [WARN] ID#8 - The response status is not successful. status=403(22) FILE="D:/BaiduNetdiskDownload/在地下城寻求邂逅是否搞错了什么mp4鈴風字幕/(06).mp4" SIZE="193980633"
2019-07-26 14:17:35 [WARN] ID#8 - The response status is not successful. status=403(22) FILE="D:/BaiduNetdiskDownload/在地下城寻求邂逅是否搞错了什么mp4鈴風字幕/(06).mp4" SIZE="193980633"
2019-07-26 14:17:36 [WARN] ID#9 - The response status is not successful. status=403(22) FILE="D:/BaiduNetdiskDownload/在地下城寻求邂逅是否搞错了什么mp4鈴風字幕/(05).mp4" SIZE="194369597"
2019-07-26 14:17:38 [WARN] ID#9 - No URI available.(22) FILE="D:/BaiduNetdiskDownload/在地下城寻求邂逅是否搞错了什么mp4鈴風字幕/(05).mp4" SIZE="194369597"
2019-07-26 14:17:39 [WARN] ID#9 - The response status is not successful. status=403(22) FILE="D:/BaiduNetdiskDownload/在地下城寻求邂逅是否搞错了什么mp4鈴風字幕/(05).mp4" SIZE="194369597"
2019-07-26 14:17:41 [WARN] ID#10 - No URI available.(22) FILE="D:/BaiduNetdiskDownload/在地下城寻求邂逅是否搞错了什么mp4鈴風字幕/(04).mp4" SIZE="194299763"
2019-07-26 14:17:42 [WARN] ID#10 - The response status is not successful. status=403(22) FILE="D:/BaiduNetdiskDownload/在地下城寻求邂逅是否搞错了什么mp4鈴風字幕/(04).mp4" SIZE="194299763"
2019-07-26 14:17:45 [WARN] ID#10 - No URI available.(22) FILE="D:/BaiduNetdiskDownload/在地下城寻求邂逅是否搞错了什么mp4鈴風字幕/(04).mp4" SIZE="194299763"
2019-07-26 14:17:47 [WARN] ID#11 - No URI available.(22) FILE="D:/BaiduNetdiskDownload/在地下城寻求邂逅是否搞错了什么mp4鈴風字幕/(03).mp4" SIZE="194371188"
2019-07-26 14:17:48 [WARN] ID#11 - The response status is not successful. status=403(22) FILE="D:/BaiduNetdiskDownload/在地下城寻求邂逅是否搞错了什么mp4鈴風字幕/(03).mp4" SIZE="194371188"
2019-07-26 14:17:49 [WARN] ID#11 - The response status is not successful. status=403(22) FILE="D:/BaiduNetdiskDownload/在地下城寻求邂逅是否搞错了什么mp4鈴風字幕/(03).mp4" SIZE="194371188"
2019-07-26 14:18:35 [WARN] ID#4 - No URI available.(22) FILE="D:/BaiduNetdiskDownload/在地下城寻求邂逅是否搞错了什么mp4鈴風字幕/(10).mp4" SIZE="194325403"
2019-07-26 14:18:36 [WARN] ID#4 - The response status is not successful. status=403(22) FILE="D:/BaiduNetdiskDownload/在地下城寻求邂逅是否搞错了什么mp4鈴風字幕/(10).mp4" SIZE="194325403"
2019-07-26 14:18:38 [WARN] ID#4 - The response status is not successful. status=403(22) FILE="D:/BaiduNetdiskDownload/在地下城寻求邂逅是否搞错了什么mp4鈴風字幕/(10).mp4" SIZE="194325403"
2019-07-26 14:18:39 [WARN] ID#8 - The response status is not successful. status=403(22) FILE="D:/BaiduNetdiskDownload/在地下城寻求邂逅是否搞错了什么mp4鈴風字幕/(06).mp4" SIZE="193980633"
2019-07-26 14:18:40 [WARN] ID#8 - The response status is not successful. status=403(22) FILE="D:/BaiduNetdiskDownload/在地下城寻求邂逅是否搞错了什么mp4鈴風字幕/(06).mp4" SIZE="193980633"
2019-07-26 14:18:41 [WARN] ID#8 - The response status is not successful. status=403(22) FILE="D:/BaiduNetdiskDownload/在地下城寻求邂逅是否搞错了什么mp4鈴風字幕/(06).mp4" SIZE="193980633"
2019-07-26 14:18:42 [WARN] ID#9 - The response status is not successful. status=403(22) FILE="D:/BaiduNetdiskDownload/在地下城寻求邂逅是否搞错了什么mp4鈴風字幕/(05).mp4" SIZE="194369597"
2019-07-26 14:18:45 [WARN] ID#9 - No URI available.(22) FILE="D:/BaiduNetdiskDownload/在地下城寻求邂逅是否搞错了什么mp4鈴風字幕/(05).mp4" SIZE="194369597"
2019-07-26 14:18:47 [WARN] ID#9 - The response status is not successful. status=403(22) FILE="D:/BaiduNetdiskDownload/在地下城寻求邂逅是否搞错了什么mp4鈴風字幕/(05).mp4" SIZE="194369597"
2019-07-26 14:18:48 [WARN] ID#10 - The response status is not successful. status=403(22) FILE="D:/BaiduNetdiskDownload/在地下城寻求邂逅是否搞错了什么mp4鈴風字幕/(04).mp4" SIZE="194299763"
2019-07-26 14:18:50 [WARN] ID#10 - No URI available.(22) FILE="D:/BaiduNetdiskDownload/在地下城寻求邂逅是否搞错了什么mp4鈴風字幕/(04).mp4" SIZE="194299763"
2019-07-26 14:18:52 [WARN] ID#10 - The response status is not successful. status=403(22) FILE="D:/BaiduNetdiskDownload/在地下城寻求邂逅是否搞错了什么mp4鈴風字幕/(04).mp4" SIZE="194299763"
2019-07-26 14:18:53 [WARN] ID#11 - The response status is not successful. status=403(22) FILE="D:/BaiduNetdiskDownload/在地下城寻求邂逅是否搞错了什么mp4鈴風字幕/(03).mp4" SIZE="194371188"
2019-07-26 14:18:58 [WARN] ID#11 - No URI available.(22) FILE="D:/BaiduNetdiskDownload/在地下城寻求邂逅是否搞错了什么mp4鈴風字幕/(03).mp4" SIZE="194371188"
2019-07-26 14:18:59 [WARN] ID#11 - The response status is not successful. status=403(22) FILE="D:/BaiduNetdiskDownload/在地下城寻求邂逅是否搞错了什么mp4鈴風字幕/(03).mp4" SIZE="194371188"
2019-07-26 14:19:01 [WARN] ID#13 - No URI available.(22) FILE="D:/BaiduNetdiskDownload/在地下城寻求邂逅是否搞错了什么mp4鈴風字幕/(01).mp4" SIZE="193987880"
2019-07-26 14:19:02 [WARN] ID#13 - The response status is not successful. status=403(22) FILE="D:/BaiduNetdiskDownload/在地下城寻求邂逅是否搞错了什么mp4鈴風字幕/(01).mp4" SIZE="193987880"
2019-07-26 14:19:05 [WARN] ID#13 - The response status is not successful. status=403(22) FILE="D:/BaiduNetdiskDownload/在地下城寻求邂逅是否搞错了什么mp4鈴風字幕/(01).mp4" SIZE="193987880"
2019-07-26 14:19:32 [WARN] ID#4 - No URI available.(22) FILE="D:/BaiduNetdiskDownload/在地下城寻求邂逅是否搞错了什么mp4鈴風字幕/(10).mp4" SIZE="194325403"
2019-07-26 14:19:59 [WARN] ID#8 - The response status is not successful. status=403(22) FILE="D:/BaiduNetdiskDownload/在地下城寻求邂逅是否搞错了什么mp4鈴風字幕/(06).mp4" SIZE="193980633"
2019-07-26 14:20:00 [WARN] ID#8 - The response status is not successful. status=403(22) FILE="D:/BaiduNetdiskDownload/在地下城寻求邂逅是否搞错了什么mp4鈴風字幕/(06).mp4" SIZE="193980633"
2019-07-26 14:20:02 [WARN] ID#8 - The response status is not successful. status=403(22) FILE="D:/BaiduNetdiskDownload/在地下城寻求邂逅是否搞错了什么mp4鈴風字幕/(06).mp4" SIZE="193980633"
2019-07-26 14:20:03 [WARN] ID#9 - The response status is not successful. status=403(22) FILE="D:/BaiduNetdiskDownload/在地下城寻求邂逅是否搞错了什么mp4鈴風字幕/(05).mp4" SIZE="194369597"
2019-07-26 14:20:05 [WARN] ID#9 - The response status is not successful. status=403(22) FILE="D:/BaiduNetdiskDownload/在地下城寻求邂逅是否搞错了什么mp4鈴風字幕/(05).mp4" SIZE="194369597"
2019-07-26 14:20:07 [WARN] ID#9 - The response status is not successful. status=403(22) FILE="D:/BaiduNetdiskDownload/在地下城寻求邂逅是否搞错了什么mp4鈴風字幕/(05).mp4" SIZE="194369597"
2019-07-26 14:20:09 [WARN] ID#10 - The response status is not successful. status=403(22) FILE="D:/BaiduNetdiskDownload/在地下城寻求邂逅是否搞错了什么mp4鈴風字幕/(04).mp4" SIZE="194299763"
2019-07-26 14:20:11 [WARN] ID#10 - The response status is not successful. status=403(22) FILE="D:/BaiduNetdiskDownload/在地下城寻求邂逅是否搞错了什么mp4鈴風字幕/(04).mp4" SIZE="194299763"
2019-07-26 14:20:12 [WARN] ID#10 - The response status is not successful. status=403(22) FILE="D:/BaiduNetdiskDownload/在地下城寻求邂逅是否搞错了什么mp4鈴風字幕/(04).mp4" SIZE="194299763"
2019-07-26 14:20:17 [WARN] ID#4 - No URI available.(22) FILE="D:/BaiduNetdiskDownload/在地下城寻求邂逅是否搞错了什么mp4鈴風字幕/(10).mp4" SIZE="194325403"
2019-07-26 14:20:18 [WARN] ID#4 - The response status is not successful. status=403(22) FILE="D:/BaiduNetdiskDownload/在地下城寻求邂逅是否搞错了什么mp4鈴風字幕/(10).mp4" SIZE="194325403"
2019-07-26 14:23:37 [WARN] ID#8 - The response status is not successful. status=403(22) FILE="D:/BaiduNetdiskDownload/在地下城寻求邂逅是否搞错了什么mp4鈴風字幕/(06).mp4" SIZE="193980633"
2019-07-26 14:23:38 [WARN] ID#8 - The response status is not successful. status=403(22) FILE="D:/BaiduNetdiskDownload/在地下城寻求邂逅是否搞错了什么mp4鈴風字幕/(06).mp4" SIZE="193980633"
2019-07-26 14:23:39 [WARN] ID#8 - The response status is not successful. status=403(22) FILE="D:/BaiduNetdiskDownload/在地下城寻求邂逅是否搞错了什么mp4鈴風字幕/(06).mp4" SIZE="193980633"
2019-07-26 14:23:40 [WARN] ID#9 - The response status is not successful. status=403(22) FILE="D:/BaiduNetdiskDownload/在地下城寻求邂逅是否搞错了什么mp4鈴風字幕/(05).mp4" SIZE="194369597"
2019-07-26 14:24:03 [WARN] ID#6 - No URI available.(22) FILE="D:/BaiduNetdiskDownload/在地下城寻求邂逅是否搞错了什么mp4鈴風字幕/(08).mp4" SIZE="194314276"
2019-07-26 14:24:05 [WARN] ID#6 - The response status is not successful. status=403(22) FILE="D:/BaiduNetdiskDownload/在地下城寻求邂逅是否搞错了什么mp4鈴風字幕/(08).mp4" SIZE="194314276"
2019-07-26 14:24:08 [WARN] ID#9 - No URI available.(22) FILE="D:/BaiduNetdiskDownload/在地下城寻求邂逅是否搞错了什么mp4鈴風字幕/(05).mp4" SIZE="194369597"
2019-07-26 14:24:11 [WARN] ID#8 - No URI available.(22) FILE="D:/BaiduNetdiskDownload/在地下城寻求邂逅是否搞错了什么mp4鈴風字幕/(06).mp4" SIZE="193980633"
2019-07-26 14:24:13 [WARN] ID#8 - The response status is not successful. status=403(22) FILE="D:/BaiduNetdiskDownload/在地下城寻求邂逅是否搞错了什么mp4鈴風字幕/(06).mp4" SIZE="193980633"
2019-07-26 14:24:23 [WARN] ID#8 - No URI available.(22) FILE="D:/BaiduNetdiskDownload/在地下城寻求邂逅是否搞错了什么mp4鈴風字幕/(06).mp4" SIZE="193980633"
2019-07-26 14:24:24 [WARN] ID#9 - The response status is not successful. status=403(22) FILE="D:/BaiduNetdiskDownload/在地下城寻求邂逅是否搞错了什么mp4鈴風字幕/(05).mp4" SIZE="194369597"
2019-07-26 14:24:27 [WARN] ID#10 - No URI available.(22) FILE="D:/BaiduNetdiskDownload/在地下城寻求邂逅是否搞错了什么mp4鈴風字幕/(04).mp4" SIZE="194299763"
2019-07-26 14:24:28 [WARN] ID#10 - The response status is not successful. status=403(22) FILE="D:/BaiduNetdiskDownload/在地下城寻求邂逅是否搞错了什么mp4鈴風字幕/(04).mp4" SIZE="194299763"
2019-07-26 14:24:30 [WARN] ID#10 - The response status is not successful. status=403(22) FILE="D:/BaiduNetdiskDownload/在地下城寻求邂逅是否搞错了什么mp4鈴風字幕/(04).mp4" SIZE="194299763"
2019-07-26 14:24:50 [WARN] ID#6 - No URI available.(22) FILE="D:/BaiduNetdiskDownload/在地下城寻求邂逅是否搞错了什么mp4鈴風字幕/(08).mp4" SIZE="194314276"
2019-07-26 14:24:51 [WARN] ID#12 - No URI available.(22) FILE="D:/BaiduNetdiskDownload/在地下城寻求邂逅是否搞错了什么mp4鈴風字幕/(02).mp4" SIZE="194434069"
2019-07-26 14:24:52 [WARN] ID#12 - The response status is not successful. status=403(22) FILE="D:/BaiduNetdiskDownload/在地下城寻求邂逅是否搞错了什么mp4鈴風字幕/(02).mp4" SIZE="194434069"
2019-07-26 14:24:53 [WARN] ID#12 - The response status is not successful. status=403(22) FILE="D:/BaiduNetdiskDownload/在地下城寻求邂逅是否搞错了什么mp4鈴風字幕/(02).mp4" SIZE="194434069"
2019-07-26 14:24:55 [WARN] ID#13 - No URI available.(22) FILE="D:/BaiduNetdiskDownload/在地下城寻求邂逅是否搞错了什么mp4鈴風字幕/(01).mp4" SIZE="193987880"
2019-07-26 14:24:56 [WARN] ID#13 - The response status is not successful. status=403(22) FILE="D:/BaiduNetdiskDownload/在地下城寻求邂逅是否搞错了什么mp4鈴風字幕/(01).mp4" SIZE="193987880"
2019-07-26 14:24:58 [WARN] ID#13 - The response status is not successful. status=403(22) FILE="D:/BaiduNetdiskDownload/在地下城寻求邂逅是否搞错了什么mp4鈴風字幕/(01).mp4" SIZE="193987880"
2019-07-26 14:25:02 [WARN] ID#6 - The response status is not successful. status=403(22) FILE="D:/BaiduNetdiskDownload/在地下城寻求邂逅是否搞错了什么mp4鈴風字幕/(08).mp4" SIZE="194314276"
2019-07-26 14:25:02 [WARN] ID#8 - The response status is not successful. status=403(22) FILE="D:/BaiduNetdiskDownload/在地下城寻求邂逅是否搞错了什么mp4鈴風字幕/(06).mp4" SIZE="193980633"
2019-07-26 14:25:03 [WARN] ID#8 - The response status is not successful. status=403(22) FILE="D:/BaiduNetdiskDownload/在地下城寻求邂逅是否搞错了什么mp4鈴風字幕/(06).mp4" SIZE="193980633"
2019-07-26 14:25:05 [WARN] ID#8 - No URI available.(22) FILE="D:/BaiduNetdiskDownload/在地下城寻求邂逅是否搞错了什么mp4鈴風字幕/(06).mp4" SIZE="193980633"
2019-07-26 14:25:06 [WARN] ID#9 - The response status is not successful. status=403(22) FILE="D:/BaiduNetdiskDownload/在地下城寻求邂逅是否搞错了什么mp4鈴風字幕/(05).mp4" SIZE="194369597"
2019-07-26 14:25:07 [WARN] ID#9 - The response status is not successful. status=403(22) FILE="D:/BaiduNetdiskDownload/在地下城寻求邂逅是否搞错了什么mp4鈴風字幕/(05).mp4" SIZE="194369597"
2019-07-26 14:25:09 [WARN] ID#6 - The response status is not successful. status=403(22) FILE="D:/BaiduNetdiskDownload/在地下城寻求邂逅是否搞错了什么mp4鈴風字幕/(08).mp4" SIZE="194314276"
2019-07-26 14:44:27 [WARN] ID#8 - The response status is not successful. status=403(22) FILE="D:/BaiduNetdiskDownload/在地下城寻求邂逅是否搞错了什么mp4鈴風字幕/(06).mp4" SIZE="193980633"
2019-07-26 14:44:28 [WARN] ID#8 - The response status is not successful. status=403(22) FILE="D:/BaiduNetdiskDownload/在地下城寻求邂逅是否搞错了什么mp4鈴風字幕/(06).mp4" SIZE="193980633"
2019-07-26 14:44:30 [WARN] ID#8 - The response status is not successful. status=403(22) FILE="D:/BaiduNetdiskDownload/在地下城寻求邂逅是否搞错了什么mp4鈴風字幕/(06).mp4" SIZE="193980633"
2019-07-26 14:44:31 [WARN] ID#9 - No URI available.(22) FILE="D:/BaiduNetdiskDownload/在地下城寻求邂逅是否搞错了什么mp4鈴風字幕/(05).mp4" SIZE="194369597"
2019-07-26 14:58:15 [WARN] aria2.removeDownloadResult error (1): Could not remove download result of GID#a98b150d53882294
2019-07-26 14:58:15 [WARN] aria2.removeDownloadResult error (1): Could not remove download result of GID#27052ff6f1e159d8
2019-07-26 14:58:15 [WARN] aria2.removeDownloadResult error (1): Could not remove download result of GID#d21b8aa1e2627fc9
2019-07-26 14:58:15 [WARN] aria2.removeDownloadResult error (1): Could not remove download result of GID#2b18b42f03ac0144
2019-07-26 15:04:38 [WARN] ID#1 - No URI available.(2) FILE="D:/BaiduNetdiskDownload/大家的偶像夢琉醬！.zip" SIZE="64918945"
2019-07-26 15:11:21 [WARN] ID#1 - No URI available.(2) FILE="D:/BaiduNetdiskDownload/大家的偶像夢琉醬！.zip" SIZE="64918945"
2019-07-26 15:20:29 [WARN] ID#1 - No URI available.(2) FILE="D:/BaiduNetdiskDownload/大家的偶像夢琉醬！.zip" SIZE="64918945"
2019-07-26 15:24:52 [WARN] ID#1 - No URI available.(2) FILE="D:/BaiduNetdiskDownload/大家的偶像夢琉醬！.zip" SIZE="64918945"
2019-07-26 15:31:36 [WARN] ID#1 - No URI available.(2) FILE="D:/BaiduNetdiskDownload/大家的偶像夢琉醬！.zip" SIZE="64918945"
2019-07-26 15:45:23 [WARN] ID#1 - No URI available.(2) FILE="D:/BaiduNetdiskDownload/大家的偶像夢琉醬！.zip" SIZE="64918945"
2019-07-26 15:54:04 [WARN] ID#1 - No URI available.(2) FILE="D:/BaiduNetdiskDownload/大家的偶像夢琉醬！.zip" SIZE="64918945"
2019-07-26 15:59:37 [WARN] ID#1 - No URI available.(2) FILE="D:/BaiduNetdiskDownload/大家的偶像夢琉醬！.zip" SIZE="64918945"
2019-07-26 17:14:52 [WARN] ID#2 - No URI available.(2) FILE="D:/BaiduNetdiskDownload/机甲轰鸣.zip" SIZE="1933559471"
2019-07-26 17:15:11 [WARN] request error (0x200000001): https://pan.baidu.com/api/quota {"errno":1,"request_id":4794393697735959756}
2019-07-26 17:15:27 [WARN] ID#2 - The response status is not successful. status=403(22) FILE="D:/BaiduNetdiskDownload/机甲轰鸣.zip" SIZE="1933559471"
2019-07-26 17:18:49 [WARN] ID#1 - No URI available.(2) FILE="D:/BaiduNetdiskDownload/大家的偶像夢琉醬！.zip" SIZE="64918945"
2019-07-26 17:26:39 [WARN] ID#1 - No URI available.(2) FILE="D:/BaiduNetdiskDownload/大家的偶像夢琉醬！.zip" SIZE="64918945"
2019-07-26 17:35:16 [WARN] ID#1 - No URI available.(2) FILE="D:/BaiduNetdiskDownload/大家的偶像夢琉醬！.zip" SIZE="64918945"
2019-07-26 18:32:31 [WARN] request error (0x200000001): https://pan.baidu.com/api/quota {"errno":1,"request_id":4795639406559148963}
2019-07-26 19:27:34 [WARN] request error (0x10000001c): https://pan.baidu.com/api/quota 
2019-07-26 19:28:11 [WARN] request error (0x100000007): https://pan.baidu.com/api/quota 
2019-07-26 19:30:05 [WARN] request error (0x100000006): https://pan.baidu.com/api/quota 
2019-07-26 19:30:50 [WARN] request error (0x10000001c): https://pan.baidu.com/api/quota 
2019-07-26 19:31:18 [WARN] request error (0x100000006): https://pan.baidu.com/api/quota 
2019-07-26 20:22:11 [WARN] request error (0x100000007): https://pan.baidu.com/api/quota 
2019-07-26 20:22:31 [WARN] request error (0x100000006): https://pan.baidu.com/api/quota 
2019-07-26 20:22:51 [WARN] request error (0x100000006): https://pan.baidu.com/api/quota 
2019-07-26 20:23:11 [WARN] request error (0x100000006): https://pan.baidu.com/api/quota 
2019-07-26 20:23:31 [WARN] request error (0x100000006): https://pan.baidu.com/api/quota 
2019-07-26 20:24:03 [WARN] request error (0x100000006): https://pan.baidu.com/api/quota 
2019-07-26 20:24:23 [WARN] request error (0x100000006): https://pan.baidu.com/api/quota 
2019-07-26 20:24:51 [WARN] request error (0x100000006): https://pan.baidu.com/api/quota 
2019-07-26 20:25:28 [WARN] request error (0x100000006): https://pan.baidu.com/api/quota 
2019-07-26 20:25:48 [WARN] request error (0x100000006): https://pan.baidu.com/api/quota 
2019-07-26 20:26:20 [WARN] request error (0x100000006): https://pan.baidu.com/api/quota 
2019-07-26 20:26:40 [WARN] request error (0x100000006): https://pan.baidu.com/api/quota 
2019-07-26 20:27:00 [WARN] request error (0x100000006): https://pan.baidu.com/api/quota 
2019-07-26 20:27:20 [WARN] request error (0x100000006): https://pan.baidu.com/api/quota 
2019-07-26 21:46:45 [WARN] request error (0x100000007): https://pan.baidu.com/api/quota 
2019-07-26 21:47:29 [WARN] request error (0x100000006): https://pan.baidu.com/api/quota 
2019-07-26 21:47:49 [WARN] request error (0x100000006): https://pan.baidu.com/api/quota 
2019-07-26 21:48:09 [WARN] request error (0x100000006): https://pan.baidu.com/api/quota 
2019-07-26 21:48:29 [WARN] request error (0x100000006): https://pan.baidu.com/api/quota 
2019-07-26 21:48:49 [WARN] request error (0x100000006): https://pan.baidu.com/api/quota 
2019-07-26 21:49:09 [WARN] request error (0x100000006): https://pan.baidu.com/api/quota 
2019-07-26 21:49:56 [WARN] request error (0x10000001c): https://pan.baidu.com/api/quota 
2019-07-26 21:50:46 [WARN] request error (0x10000001c): https://pan.baidu.com/api/quota 
2019-07-26 21:51:16 [WARN] request error (0x100000006): https://pan.baidu.com/api/quota 
2019-07-26 21:51:36 [WARN] request error (0x100000006): https://pan.baidu.com/api/quota 
2019-07-26 21:51:56 [WARN] request error (0x100000006): https://pan.baidu.com/api/quota 
2019-07-26 21:52:46 [WARN] request error (0x10000001c): https://pan.baidu.com/api/quota 
2019-07-26 21:56:43 [WARN] request error (0x100000007): https://pan.baidu.com/api/quota 
2019-07-26 21:57:07 [WARN] request error (0x100000006): https://pan.baidu.com/api/quota 
2019-07-26 22:04:04 [WARN] ID#1 - No URI available.(2) FILE="D:/BaiduNetdiskDownload/大家的偶像夢琉醬！.zip" SIZE="64918945"
2019-07-26 22:13:46 [WARN] ID#1 - No URI available.(2) FILE="D:/BaiduNetdiskDownload/大家的偶像夢琉醬！.zip" SIZE="64918945"
2019-07-26 22:21:12 [WARN] ID#1 - No URI available.(2) FILE="D:/BaiduNetdiskDownload/大家的偶像夢琉醬！.zip" SIZE="64918945"
2019-07-26 22:58:38 [WARN] ID#1 - No URI available.(2) FILE="D:/BaiduNetdiskDownload/大家的偶像夢琉醬！.zip" SIZE="64918945"
2019-07-26 22:58:42 [WARN] ID#1 - No URI available.(22) FILE="D:/BaiduNetdiskDownload/大家的偶像夢琉醬！.zip" SIZE="64918945"
2019-07-26 22:58:43 [WARN] ID#1 - 下载链接过期或系统时间不正确，请删除任务重新下载(-5) FILE="D:/BaiduNetdiskDownload/大家的偶像夢琉醬！.zip" SIZE="64918945"
2019-07-26 23:00:58 [WARN] ID#1 - 下载链接过期或系统时间不正确，请删除任务重新下载(-5) FILE="D:/BaiduNetdiskDownload/大家的偶像夢琉醬！.zip" SIZE="64918945"
2019-07-26 23:00:59 [WARN] ID#1 - 下载链接过期或系统时间不正确，请删除任务重新下载(-5) FILE="D:/BaiduNetdiskDownload/大家的偶像夢琉醬！.zip" SIZE="64918945"
2019-07-26 23:00:59 [WARN] ID#1 - 下载链接过期或系统时间不正确，请删除任务重新下载(-5) FILE="D:/BaiduNetdiskDownload/大家的偶像夢琉醬！.zip" SIZE="64918945"
2019-07-26 23:01:09 [WARN] request error (0x200000070): https://pan.baidu.com/api/sharedownload {"errno":112,"request_id":4799966309085600244,"server_time":1564153267}
2019-07-26 23:03:40 [WARN] request error (0x100000006): https://pan.baidu.com/api/quota 
2019-07-26 23:04:20 [WARN] request error (0x100000006): https://pan.baidu.com/api/quota 
2019-07-26 23:05:04 [WARN] request error (0x100000006): https://pan.baidu.com/api/quota 
2019-07-26 23:45:03 [INFO] close main window
2019-07-26 23:45:03 [WARN] aria2 websocket connection closed (127.0.0.1:36933), code: 1000 (Normal close), reason: aria2 shutdown
2019-07-26 23:45:04 [INFO] websocket client stop
2019-07-26 23:45:04 [INFO] exit
