2019-09-14 10:06:22 [INFO] pandownload version: 2.1.3
2019-09-14 10:06:24 [INFO] aria2 websocket connection opened (127.0.0.1:36878)
2019-09-14 10:06:24 [INFO] aria2 version: 1.34.0
2019-09-14 10:06:24 [INFO] aria2 json-rpc path: http://token:pandownload@127.0.0.1:36878/jsonrpc
2019-09-14 10:06:24 [INFO] create main window
2019-09-14 10:06:24 [INFO] verify cookie (637)
2019-09-14 10:06:27 [INFO] user login success (3694736204): 满载的菠萝
2019-09-14 11:47:58 [WARN] request error (0x200000001): https://pan.baidu.com/api/quota {"errno":1,"request_id":5948764160523748204}
2019-09-14 13:14:46 [WARN] request error (0x10000001c): https://pan.baidu.com/api/quota 
2019-09-14 13:45:22 [WARN] request error (0x10000001c): https://pan.baidu.com/api/quota 
2019-09-14 15:26:01 [WARN] request error (0x10000001c): https://pan.baidu.com/api/quota 
2019-09-14 16:30:35 [WARN] request error (0x10000001c): https://pan.baidu.com/api/quota 
2019-09-14 16:31:25 [WARN] request error (0x10000001c): https://pan.baidu.com/api/quota 
2019-09-14 16:32:00 [WARN] request error (0x100000006): https://pan.baidu.com/api/quota 
2019-09-14 16:32:36 [WARN] request error (0x100000006): https://pan.baidu.com/api/quota 
2019-09-14 16:33:16 [WARN] request error (0x100000006): https://pan.baidu.com/api/quota 
2019-09-14 16:33:55 [WARN] request error (0x100000006): https://pan.baidu.com/api/quota 
2019-09-14 16:34:36 [WARN] request error (0x100000006): https://pan.baidu.com/api/quota 
2019-09-14 16:35:50 [WARN] request error (0x100000006): https://pan.baidu.com/api/quota 
2019-09-14 16:36:30 [WARN] request error (0x100000006): https://pan.baidu.com/api/quota 
2019-09-14 16:37:11 [WARN] request error (0x100000006): https://pan.baidu.com/api/quota 
2019-09-14 16:37:40 [WARN] request error (0x100000006): https://pan.baidu.com/api/quota 
2019-09-14 16:38:12 [WARN] request error (0x100000006): https://pan.baidu.com/api/quota 
2019-09-14 16:38:45 [WARN] request error (0x100000006): https://pan.baidu.com/api/quota 
2019-09-14 16:39:05 [WARN] request error (0x100000006): https://pan.baidu.com/api/quota 
2019-09-14 16:39:25 [WARN] request error (0x100000006): https://pan.baidu.com/api/quota 
2019-09-14 16:39:45 [WARN] request error (0x100000006): https://pan.baidu.com/api/quota 
2019-09-14 16:40:17 [WARN] request error (0x100000006): https://pan.baidu.com/api/quota 
2019-09-14 16:40:49 [WARN] request error (0x100000006): https://pan.baidu.com/api/quota 
2019-09-14 16:41:21 [WARN] request error (0x100000006): https://pan.baidu.com/api/quota 
2019-09-14 16:41:53 [WARN] request error (0x100000006): https://pan.baidu.com/api/quota 
2019-09-14 16:42:13 [WARN] request error (0x100000006): https://pan.baidu.com/api/quota 
2019-09-14 16:42:45 [WARN] request error (0x100000006): https://pan.baidu.com/api/quota 
2019-09-14 16:43:05 [WARN] request error (0x100000006): https://pan.baidu.com/api/quota 
2019-09-14 16:43:25 [WARN] request error (0x100000006): https://pan.baidu.com/api/quota 
2019-09-14 16:43:45 [WARN] request error (0x100000006): https://pan.baidu.com/api/quota 
2019-09-14 16:44:05 [WARN] request error (0x100000006): https://pan.baidu.com/api/quota 
2019-09-14 16:44:37 [WARN] request error (0x100000006): https://pan.baidu.com/api/quota 
2019-09-14 16:45:09 [WARN] request error (0x100000006): https://pan.baidu.com/api/quota 
2019-09-14 16:45:29 [WARN] request error (0x100000006): https://pan.baidu.com/api/quota 
2019-09-14 16:46:01 [WARN] request error (0x100000006): https://pan.baidu.com/api/quota 
2019-09-14 16:46:22 [WARN] request error (0x100000006): https://pan.baidu.com/api/quota 
2019-09-14 16:46:51 [WARN] request error (0x100000006): https://pan.baidu.com/api/quota 
2019-09-14 16:47:11 [WARN] request error (0x100000006): https://pan.baidu.com/api/quota 
2019-09-14 16:47:31 [WARN] request error (0x100000006): https://pan.baidu.com/api/quota 
2019-09-14 16:48:01 [WARN] request error (0x100000006): https://pan.baidu.com/api/quota 
2019-09-14 16:48:26 [WARN] request error (0x100000006): https://pan.baidu.com/api/quota 
2019-09-14 16:48:46 [WARN] request error (0x100000006): https://pan.baidu.com/api/quota 
2019-09-14 16:49:06 [WARN] request error (0x100000006): https://pan.baidu.com/api/quota 
2019-09-14 16:49:38 [WARN] request error (0x100000006): https://pan.baidu.com/api/quota 
2019-09-14 16:50:10 [WARN] request error (0x100000006): https://pan.baidu.com/api/quota 
2019-09-14 16:50:42 [WARN] request error (0x100000006): https://pan.baidu.com/api/quota 
2019-09-14 16:51:14 [WARN] request error (0x100000006): https://pan.baidu.com/api/quota 
2019-09-14 16:51:58 [WARN] request error (0x100000006): https://pan.baidu.com/api/quota 
2019-09-14 16:53:17 [WARN] request error (0x100000006): https://pan.baidu.com/api/quota 
2019-09-14 16:53:57 [WARN] request error (0x100000006): https://pan.baidu.com/api/quota 
2019-09-14 16:54:37 [WARN] request error (0x100000006): https://pan.baidu.com/api/quota 
2019-09-14 16:55:17 [WARN] request error (0x100000006): https://pan.baidu.com/api/quota 
2019-09-14 16:56:35 [WARN] request error (0x100000006): https://pan.baidu.com/api/quota 
2019-09-14 16:57:15 [WARN] request error (0x100000006): https://pan.baidu.com/api/quota 
2019-09-14 16:57:55 [WARN] request error (0x100000006): https://pan.baidu.com/api/quota 
2019-09-14 16:58:35 [WARN] request error (0x100000006): https://pan.baidu.com/api/quota 
2019-09-14 16:59:53 [WARN] request error (0x100000006): https://pan.baidu.com/api/quota 
2019-09-14 17:00:33 [WARN] request error (0x100000006): https://pan.baidu.com/api/quota 
2019-09-14 17:01:13 [WARN] request error (0x100000006): https://pan.baidu.com/api/quota 
2019-09-14 17:01:53 [WARN] request error (0x100000006): https://pan.baidu.com/api/quota 
2019-09-14 17:03:11 [WARN] request error (0x100000006): https://pan.baidu.com/api/quota 
2019-09-14 17:03:51 [WARN] request error (0x100000006): https://pan.baidu.com/api/quota 
2019-09-14 17:04:33 [WARN] request error (0x100000006): https://pan.baidu.com/api/quota 
2019-09-14 17:05:13 [WARN] request error (0x100000006): https://pan.baidu.com/api/quota 
2019-09-14 17:06:31 [WARN] request error (0x100000006): https://pan.baidu.com/api/quota 
2019-09-14 17:07:11 [WARN] request error (0x100000006): https://pan.baidu.com/api/quota 
2019-09-14 17:07:51 [WARN] request error (0x100000006): https://pan.baidu.com/api/quota 
2019-09-14 17:08:31 [WARN] request error (0x100000006): https://pan.baidu.com/api/quota 
2019-09-14 17:09:50 [WARN] request error (0x100000006): https://pan.baidu.com/api/quota 
2019-09-14 17:10:30 [WARN] request error (0x100000006): https://pan.baidu.com/api/quota 
2019-09-14 17:11:10 [WARN] request error (0x100000006): https://pan.baidu.com/api/quota 
2019-09-14 17:11:50 [WARN] request error (0x100000006): https://pan.baidu.com/api/quota 
2019-09-14 17:13:08 [WARN] request error (0x100000006): https://pan.baidu.com/api/quota 
2019-09-14 17:13:48 [WARN] request error (0x100000006): https://pan.baidu.com/api/quota 
2019-09-14 17:14:28 [WARN] request error (0x100000006): https://pan.baidu.com/api/quota 
2019-09-14 17:15:08 [WARN] request error (0x100000006): https://pan.baidu.com/api/quota 
2019-09-14 17:16:26 [WARN] request error (0x100000006): https://pan.baidu.com/api/quota 
2019-09-14 17:17:07 [WARN] request error (0x100000006): https://pan.baidu.com/api/quota 
2019-09-14 17:17:47 [WARN] request error (0x100000006): https://pan.baidu.com/api/quota 
2019-09-14 17:18:27 [WARN] request error (0x100000006): https://pan.baidu.com/api/quota 
2019-09-14 17:19:45 [WARN] request error (0x100000006): https://pan.baidu.com/api/quota 
2019-09-14 17:20:25 [WARN] request error (0x100000006): https://pan.baidu.com/api/quota 
2019-09-14 17:21:05 [WARN] request error (0x100000006): https://pan.baidu.com/api/quota 
2019-09-14 17:21:45 [WARN] request error (0x100000006): https://pan.baidu.com/api/quota 
2019-09-14 17:23:04 [WARN] request error (0x100000006): https://pan.baidu.com/api/quota 
2019-09-14 17:23:44 [WARN] request error (0x100000006): https://pan.baidu.com/api/quota 
2019-09-14 17:24:24 [WARN] request error (0x100000006): https://pan.baidu.com/api/quota 
2019-09-14 17:25:04 [WARN] request error (0x100000006): https://pan.baidu.com/api/quota 
2019-09-14 17:26:22 [WARN] request error (0x100000006): https://pan.baidu.com/api/quota 
2019-09-14 17:27:02 [WARN] request error (0x100000006): https://pan.baidu.com/api/quota 
2019-09-14 17:27:42 [WARN] request error (0x100000006): https://pan.baidu.com/api/quota 
2019-09-14 17:28:22 [WARN] request error (0x100000006): https://pan.baidu.com/api/quota 
2019-09-14 17:29:40 [WARN] request error (0x100000006): https://pan.baidu.com/api/quota 
2019-09-14 17:30:20 [WARN] request error (0x100000006): https://pan.baidu.com/api/quota 
2019-09-14 17:31:00 [WARN] request error (0x100000006): https://pan.baidu.com/api/quota 
2019-09-14 17:31:41 [WARN] request error (0x100000006): https://pan.baidu.com/api/quota 
2019-09-14 17:32:59 [WARN] request error (0x100000006): https://pan.baidu.com/api/quota 
2019-09-14 17:33:39 [WARN] request error (0x100000006): https://pan.baidu.com/api/quota 
2019-09-14 17:34:19 [WARN] request error (0x100000006): https://pan.baidu.com/api/quota 
2019-09-14 17:34:56 [WARN] request error (0x100000006): https://pan.baidu.com/api/quota 
2019-09-14 17:36:15 [WARN] request error (0x100000006): https://pan.baidu.com/api/quota 
2019-09-14 17:36:55 [WARN] request error (0x100000006): https://pan.baidu.com/api/quota 
2019-09-14 17:37:35 [WARN] request error (0x100000006): https://pan.baidu.com/api/quota 
2019-09-14 17:38:15 [WARN] request error (0x100000006): https://pan.baidu.com/api/quota 
2019-09-14 17:39:34 [WARN] request error (0x100000006): https://pan.baidu.com/api/quota 
2019-09-14 17:40:14 [WARN] request error (0x100000006): https://pan.baidu.com/api/quota 
2019-09-14 17:40:54 [WARN] request error (0x100000006): https://pan.baidu.com/api/quota 
2019-09-14 17:41:34 [WARN] request error (0x100000006): https://pan.baidu.com/api/quota 
2019-09-14 17:42:52 [WARN] request error (0x100000006): https://pan.baidu.com/api/quota 
2019-09-14 17:43:32 [WARN] request error (0x100000006): https://pan.baidu.com/api/quota 
2019-09-14 17:44:12 [WARN] request error (0x100000006): https://pan.baidu.com/api/quota 
2019-09-14 17:44:52 [WARN] request error (0x100000006): https://pan.baidu.com/api/quota 
2019-09-14 17:46:10 [WARN] request error (0x100000006): https://pan.baidu.com/api/quota 
2019-09-14 17:46:50 [WARN] request error (0x100000006): https://pan.baidu.com/api/quota 
2019-09-14 17:47:30 [WARN] request error (0x100000006): https://pan.baidu.com/api/quota 
2019-09-14 17:48:10 [WARN] request error (0x100000006): https://pan.baidu.com/api/quota 
2019-09-14 17:49:28 [WARN] request error (0x100000006): https://pan.baidu.com/api/quota 
2019-09-14 17:50:08 [WARN] request error (0x100000006): https://pan.baidu.com/api/quota 
2019-09-14 17:50:49 [WARN] request error (0x100000006): https://pan.baidu.com/api/quota 
2019-09-14 17:51:29 [WARN] request error (0x100000006): https://pan.baidu.com/api/quota 
2019-09-14 17:52:39 [WARN] request error (0x100000006): https://pan.baidu.com/api/quota 
2019-09-14 17:53:21 [WARN] request error (0x100000006): https://pan.baidu.com/api/quota 
2019-09-14 17:54:01 [WARN] request error (0x100000006): https://pan.baidu.com/api/quota 
2019-09-14 17:54:41 [WARN] request error (0x100000006): https://pan.baidu.com/api/quota 
2019-09-14 17:56:00 [WARN] request error (0x100000006): https://pan.baidu.com/api/quota 
2019-09-14 17:56:40 [WARN] request error (0x100000006): https://pan.baidu.com/api/quota 
2019-09-14 17:57:20 [WARN] request error (0x100000006): https://pan.baidu.com/api/quota 
2019-09-14 17:58:00 [WARN] request error (0x100000006): https://pan.baidu.com/api/quota 
2019-09-14 17:59:18 [WARN] request error (0x100000006): https://pan.baidu.com/api/quota 
2019-09-14 17:59:58 [WARN] request error (0x100000006): https://pan.baidu.com/api/quota 
2019-09-14 18:00:38 [WARN] request error (0x100000006): https://pan.baidu.com/api/quota 
2019-09-14 18:01:18 [WARN] request error (0x100000006): https://pan.baidu.com/api/quota 
2019-09-14 18:02:36 [WARN] request error (0x100000006): https://pan.baidu.com/api/quota 
2019-09-14 18:03:16 [WARN] request error (0x100000006): https://pan.baidu.com/api/quota 
2019-09-14 18:03:56 [WARN] request error (0x100000006): https://pan.baidu.com/api/quota 
2019-09-14 18:04:36 [WARN] request error (0x100000006): https://pan.baidu.com/api/quota 
2019-09-14 18:05:55 [WARN] request error (0x100000006): https://pan.baidu.com/api/quota 
2019-09-14 18:06:37 [WARN] request error (0x100000006): https://pan.baidu.com/api/quota 
2019-09-14 18:07:17 [WARN] request error (0x100000006): https://pan.baidu.com/api/quota 
2019-09-14 18:07:57 [WARN] request error (0x100000006): https://pan.baidu.com/api/quota 
2019-09-14 18:09:15 [WARN] request error (0x100000006): https://pan.baidu.com/api/quota 
2019-09-14 18:09:55 [WARN] request error (0x100000006): https://pan.baidu.com/api/quota 
2019-09-14 18:10:36 [WARN] request error (0x100000006): https://pan.baidu.com/api/quota 
2019-09-14 18:11:16 [WARN] request error (0x100000006): https://pan.baidu.com/api/quota 
2019-09-14 18:12:34 [WARN] request error (0x100000006): https://pan.baidu.com/api/quota 
2019-09-14 18:13:14 [WARN] request error (0x100000006): https://pan.baidu.com/api/quota 
2019-09-14 18:13:54 [WARN] request error (0x100000006): https://pan.baidu.com/api/quota 
2019-09-14 18:14:34 [WARN] request error (0x100000006): https://pan.baidu.com/api/quota 
2019-09-14 18:15:52 [WARN] request error (0x100000006): https://pan.baidu.com/api/quota 
2019-09-14 18:16:32 [WARN] request error (0x100000006): https://pan.baidu.com/api/quota 
2019-09-14 18:17:12 [WARN] request error (0x100000006): https://pan.baidu.com/api/quota 
2019-09-14 18:17:53 [WARN] request error (0x100000006): https://pan.baidu.com/api/quota 
2019-09-14 18:19:11 [WARN] request error (0x100000006): https://pan.baidu.com/api/quota 
2019-09-14 18:19:51 [WARN] request error (0x100000006): https://pan.baidu.com/api/quota 
2019-09-14 18:20:31 [WARN] request error (0x100000006): https://pan.baidu.com/api/quota 
2019-09-14 18:21:11 [WARN] request error (0x100000006): https://pan.baidu.com/api/quota 
2019-09-14 18:22:29 [WARN] request error (0x100000006): https://pan.baidu.com/api/quota 
2019-09-14 18:23:09 [WARN] request error (0x100000006): https://pan.baidu.com/api/quota 
2019-09-14 18:23:49 [WARN] request error (0x100000006): https://pan.baidu.com/api/quota 
2019-09-14 18:24:29 [WARN] request error (0x100000006): https://pan.baidu.com/api/quota 
2019-09-14 18:25:48 [WARN] request error (0x100000006): https://pan.baidu.com/api/quota 
2019-09-14 18:26:31 [WARN] request error (0x100000006): https://pan.baidu.com/api/quota 
2019-09-14 18:27:15 [WARN] request error (0x100000006): https://pan.baidu.com/api/quota 
2019-09-14 18:27:59 [WARN] request error (0x100000006): https://pan.baidu.com/api/quota 
2019-09-14 18:29:20 [WARN] request error (0x100000006): https://pan.baidu.com/api/quota 
2019-09-14 18:30:02 [WARN] request error (0x100000006): https://pan.baidu.com/api/quota 
2019-09-14 18:30:42 [WARN] request error (0x100000006): https://pan.baidu.com/api/quota 
2019-09-14 18:31:22 [WARN] request error (0x100000006): https://pan.baidu.com/api/quota 
2019-09-14 18:45:28 [WARN] request error (0x10000001c): https://pan.baidu.com/api/quota 
2019-09-14 18:46:18 [WARN] request error (0x10000001c): https://pan.baidu.com/api/quota 
2019-09-14 19:15:24 [WARN] request error (0x10000001c): https://pan.baidu.com/api/quota 
2019-09-14 19:16:14 [WARN] request error (0x10000001c): https://pan.baidu.com/api/quota 
2019-09-14 19:45:29 [WARN] request error (0x10000001c): https://pan.baidu.com/api/quota 
2019-09-14 19:46:19 [WARN] request error (0x10000001c): https://pan.baidu.com/api/quota 
2019-09-14 20:15:38 [WARN] request error (0x10000001c): https://pan.baidu.com/api/quota 
2019-09-14 20:16:28 [WARN] request error (0x10000001c): https://pan.baidu.com/api/quota 
2019-09-14 20:45:45 [WARN] request error (0x10000001c): https://pan.baidu.com/api/quota 
2019-09-14 20:46:35 [WARN] request error (0x10000001c): https://pan.baidu.com/api/quota 
2019-09-14 21:15:50 [WARN] request error (0x10000001c): https://pan.baidu.com/api/quota 
2019-09-14 21:45:48 [WARN] request error (0x10000001c): https://pan.baidu.com/api/quota 
2019-09-14 21:46:38 [WARN] request error (0x10000001c): https://pan.baidu.com/api/quota 
2019-09-14 22:15:57 [WARN] request error (0x10000001c): https://pan.baidu.com/api/quota 
2019-09-14 22:45:54 [WARN] request error (0x10000001c): https://pan.baidu.com/api/quota 
2019-09-14 22:46:44 [WARN] request error (0x10000001c): https://pan.baidu.com/api/quota 
2019-09-14 23:16:24 [WARN] request error (0x10000001c): https://pan.baidu.com/api/quota 
2019-09-14 23:46:27 [WARN] request error (0x10000001c): https://pan.baidu.com/api/quota 
2019-09-14 23:47:17 [WARN] request error (0x10000001c): https://pan.baidu.com/api/quota 
2019-09-15 00:47:26 [WARN] request error (0x10000001c): https://pan.baidu.com/api/quota 
2019-09-15 01:16:17 [WARN] request error (0x10000001c): https://pan.baidu.com/api/quota 
2019-09-15 01:36:41 [WARN] aria2 websocket connection closed (127.0.0.1:36878), code: 1006 (Abnormal close), reason: 
