2019-06-01 10:11:36 [INFO] pandownload version: 2.1.0
2019-06-01 10:11:38 [INFO] aria2 websocket connection opened (127.0.0.1:6808)
2019-06-01 10:11:38 [INFO] aria2 version: 1.34.0
2019-06-01 10:11:38 [INFO] aria2 json-rpc path: http://token:pandownload@127.0.0.1:6808/jsonrpc
2019-06-01 10:11:38 [INFO] create main window
2019-06-01 10:11:55 [WARN] ID#1 - 未登录网盘账号，无法下载(-4) FILE="D:/BaiduNetdiskDownload/Dynasty.Warriors.9+奖励+dlc/MOD/注意事项.png" SIZE="1244950"
2019-06-01 10:11:55 [WARN] ID#2 - 未登录网盘账号，无法下载(-4) FILE="D:/BaiduNetdiskDownload/Dynasty.Warriors.9+奖励+dlc/MOD/3DMGAME-DW9.wyj.dudou.leisi.mod.rar" SIZE="163034562"
2019-06-01 10:11:55 [WARN] ID#3 - 未登录网盘账号，无法下载(-4) FILE="D:/BaiduNetdiskDownload/Dynasty.Warriors.9+奖励+dlc/MOD/3DMGAME-DW9.wangyaunji.gezi.dudou.mod.rar" SIZE="32571020"
2019-06-01 10:11:56 [WARN] ID#4 - 未登录网盘账号，无法下载(-4) FILE="D:/BaiduNetdiskDownload/Dynasty.Warriors.9+奖励+dlc/MOD/3DMGAME-DW9.ssx.yedianfeng.mod.rar" SIZE="149235432"
2019-06-01 10:11:56 [WARN] ID#5 - 未登录网盘账号，无法下载(-4) FILE="D:/BaiduNetdiskDownload/Dynasty.Warriors.9+奖励+dlc/MOD/3DMGAME-DW9.ssx.meigui.dudou.mod.rar" SIZE="29431024"
2019-06-01 10:11:56 [WARN] ID#6 - 未登录网盘账号，无法下载(-4) FILE="D:/BaiduNetdiskDownload/Dynasty.Warriors.9+奖励+dlc/MOD/3DMGAME-DW9.lvlingqi.renzhe.a.micai.dudou.mod.rar" SIZE="140530845"
2019-06-01 10:11:56 [WARN] ID#7 - 未登录网盘账号，无法下载(-4) FILE="D:/BaiduNetdiskDownload/Dynasty.Warriors.9+奖励+dlc/MOD/3DMGAME-DW9.gyp.xiaotaimei.mod.rar" SIZE="29616184"
2019-06-01 10:11:56 [WARN] ID#8 - 未登录网盘账号，无法下载(-4) FILE="D:/BaiduNetdiskDownload/Dynasty.Warriors.9+奖励+dlc/MOD/3DMGAME-DW9.gyp.ff13.yuan.dudou.rar" SIZE="32084121"
2019-06-01 10:11:56 [WARN] ID#9 - 未登录网盘账号，无法下载(-4) FILE="D:/BaiduNetdiskDownload/Dynasty.Warriors.9+奖励+dlc/MOD/3DMGAME-DW9.guanyinpin.kuangyefeng.mod.rar" SIZE="157760315"
2019-06-01 10:11:56 [WARN] ID#10 - 未登录网盘账号，无法下载(-4) FILE="D:/BaiduNetdiskDownload/Dynasty.Warriors.9+奖励+dlc/MOD/3DMGAME-DW9.diaochan.huawen.dudou.rar" SIZE="29811694"
2019-06-01 10:11:56 [WARN] ID#11 - 未登录网盘账号，无法下载(-4) FILE="D:/BaiduNetdiskDownload/Dynasty.Warriors.9+奖励+dlc/注意事项.png" SIZE="1244950"
2019-06-01 10:11:56 [WARN] ID#12 - 未登录网盘账号，无法下载(-4) FILE="D:/BaiduNetdiskDownload/Dynasty.Warriors.9+奖励+dlc/补丁.rar" SIZE="18396638"
2019-06-01 10:13:39 [WARN] ID#1 - 未登录网盘账号，无法下载(-4) FILE="D:/BaiduNetdiskDownload/Dynasty.Warriors.9+奖励+dlc/MOD/注意事项.png" SIZE="1244950"
2019-06-01 10:13:39 [WARN] ID#2 - 未登录网盘账号，无法下载(-4) FILE="D:/BaiduNetdiskDownload/Dynasty.Warriors.9+奖励+dlc/MOD/3DMGAME-DW9.wyj.dudou.leisi.mod.rar" SIZE="163034562"
2019-06-01 10:13:39 [WARN] ID#3 - 未登录网盘账号，无法下载(-4) FILE="D:/BaiduNetdiskDownload/Dynasty.Warriors.9+奖励+dlc/MOD/3DMGAME-DW9.wangyaunji.gezi.dudou.mod.rar" SIZE="32571020"
2019-06-01 10:13:39 [WARN] ID#4 - 未登录网盘账号，无法下载(-4) FILE="D:/BaiduNetdiskDownload/Dynasty.Warriors.9+奖励+dlc/MOD/3DMGAME-DW9.ssx.yedianfeng.mod.rar" SIZE="149235432"
2019-06-01 10:13:39 [WARN] ID#5 - 未登录网盘账号，无法下载(-4) FILE="D:/BaiduNetdiskDownload/Dynasty.Warriors.9+奖励+dlc/MOD/3DMGAME-DW9.ssx.meigui.dudou.mod.rar" SIZE="29431024"
2019-06-01 10:13:39 [WARN] ID#6 - 未登录网盘账号，无法下载(-4) FILE="D:/BaiduNetdiskDownload/Dynasty.Warriors.9+奖励+dlc/MOD/3DMGAME-DW9.lvlingqi.renzhe.a.micai.dudou.mod.rar" SIZE="140530845"
2019-06-01 10:13:39 [WARN] ID#7 - 未登录网盘账号，无法下载(-4) FILE="D:/BaiduNetdiskDownload/Dynasty.Warriors.9+奖励+dlc/MOD/3DMGAME-DW9.gyp.xiaotaimei.mod.rar" SIZE="29616184"
2019-06-01 10:13:39 [WARN] ID#8 - 未登录网盘账号，无法下载(-4) FILE="D:/BaiduNetdiskDownload/Dynasty.Warriors.9+奖励+dlc/MOD/3DMGAME-DW9.gyp.ff13.yuan.dudou.rar" SIZE="32084121"
2019-06-01 10:13:39 [WARN] ID#9 - 未登录网盘账号，无法下载(-4) FILE="D:/BaiduNetdiskDownload/Dynasty.Warriors.9+奖励+dlc/MOD/3DMGAME-DW9.guanyinpin.kuangyefeng.mod.rar" SIZE="157760315"
2019-06-01 10:13:39 [WARN] ID#10 - 未登录网盘账号，无法下载(-4) FILE="D:/BaiduNetdiskDownload/Dynasty.Warriors.9+奖励+dlc/MOD/3DMGAME-DW9.diaochan.huawen.dudou.rar" SIZE="29811694"
2019-06-01 10:13:39 [WARN] ID#11 - 未登录网盘账号，无法下载(-4) FILE="D:/BaiduNetdiskDownload/Dynasty.Warriors.9+奖励+dlc/注意事项.png" SIZE="1244950"
2019-06-01 10:13:39 [WARN] ID#12 - 未登录网盘账号，无法下载(-4) FILE="D:/BaiduNetdiskDownload/Dynasty.Warriors.9+奖励+dlc/补丁.rar" SIZE="18396638"
2019-06-01 10:14:13 [WARN] aria2.removeDownloadResult error (1): Could not remove download result of GID#6f0cd0fc060a9d17
2019-06-01 10:14:13 [WARN] aria2.removeDownloadResult error (1): Could not remove download result of GID#4158ac22cd9ee042
2019-06-01 10:14:13 [WARN] aria2.removeDownloadResult error (1): Could not remove download result of GID#9162fcbbc88c2407
2019-06-01 10:14:37 [WARN] ID#1 - 未登录网盘账号，无法下载(-4) FILE="D:/BaiduNetdiskDownload/Dynasty.Warriors.9+奖励+dlc/MOD/注意事项.png" SIZE="1244950"
2019-06-01 10:14:37 [WARN] ID#2 - 未登录网盘账号，无法下载(-4) FILE="D:/BaiduNetdiskDownload/Dynasty.Warriors.9+奖励+dlc/MOD/3DMGAME-DW9.wyj.dudou.leisi.mod.rar" SIZE="163034562"
2019-06-01 10:14:37 [WARN] ID#3 - 未登录网盘账号，无法下载(-4) FILE="D:/BaiduNetdiskDownload/Dynasty.Warriors.9+奖励+dlc/MOD/3DMGAME-DW9.wangyaunji.gezi.dudou.mod.rar" SIZE="32571020"
2019-06-01 10:14:37 [WARN] ID#4 - 未登录网盘账号，无法下载(-4) FILE="D:/BaiduNetdiskDownload/Dynasty.Warriors.9+奖励+dlc/MOD/3DMGAME-DW9.ssx.yedianfeng.mod.rar" SIZE="149235432"
2019-06-01 10:14:37 [WARN] ID#5 - 未登录网盘账号，无法下载(-4) FILE="D:/BaiduNetdiskDownload/Dynasty.Warriors.9+奖励+dlc/MOD/3DMGAME-DW9.ssx.meigui.dudou.mod.rar" SIZE="29431024"
2019-06-01 10:14:37 [WARN] ID#6 - 未登录网盘账号，无法下载(-4) FILE="D:/BaiduNetdiskDownload/Dynasty.Warriors.9+奖励+dlc/MOD/3DMGAME-DW9.lvlingqi.renzhe.a.micai.dudou.mod.rar" SIZE="140530845"
2019-06-01 10:14:37 [WARN] ID#7 - 未登录网盘账号，无法下载(-4) FILE="D:/BaiduNetdiskDownload/Dynasty.Warriors.9+奖励+dlc/MOD/3DMGAME-DW9.gyp.xiaotaimei.mod.rar" SIZE="29616184"
2019-06-01 10:14:37 [WARN] ID#8 - 未登录网盘账号，无法下载(-4) FILE="D:/BaiduNetdiskDownload/Dynasty.Warriors.9+奖励+dlc/MOD/3DMGAME-DW9.gyp.ff13.yuan.dudou.rar" SIZE="32084121"
2019-06-01 10:14:37 [WARN] ID#9 - 未登录网盘账号，无法下载(-4) FILE="D:/BaiduNetdiskDownload/Dynasty.Warriors.9+奖励+dlc/MOD/3DMGAME-DW9.guanyinpin.kuangyefeng.mod.rar" SIZE="157760315"
2019-06-01 10:14:37 [WARN] ID#10 - 未登录网盘账号，无法下载(-4) FILE="D:/BaiduNetdiskDownload/Dynasty.Warriors.9+奖励+dlc/MOD/3DMGAME-DW9.diaochan.huawen.dudou.rar" SIZE="29811694"
2019-06-01 10:14:37 [WARN] ID#11 - 未登录网盘账号，无法下载(-4) FILE="D:/BaiduNetdiskDownload/Dynasty.Warriors.9+奖励+dlc/注意事项.png" SIZE="1244950"
2019-06-01 10:14:37 [WARN] ID#12 - 未登录网盘账号，无法下载(-4) FILE="D:/BaiduNetdiskDownload/Dynasty.Warriors.9+奖励+dlc/补丁.rar" SIZE="18396638"
2019-06-01 10:19:08 [WARN] ID#1 - 未登录网盘账号，无法下载(-4) FILE="D:/BaiduNetdiskDownload/Dynasty.Warriors.9+奖励+dlc/MOD/注意事项.png" SIZE="1244950"
2019-06-01 10:19:08 [WARN] ID#2 - 未登录网盘账号，无法下载(-4) FILE="D:/BaiduNetdiskDownload/Dynasty.Warriors.9+奖励+dlc/MOD/3DMGAME-DW9.wyj.dudou.leisi.mod.rar" SIZE="163034562"
2019-06-01 10:19:08 [WARN] ID#3 - 未登录网盘账号，无法下载(-4) FILE="D:/BaiduNetdiskDownload/Dynasty.Warriors.9+奖励+dlc/MOD/3DMGAME-DW9.wangyaunji.gezi.dudou.mod.rar" SIZE="32571020"
2019-06-01 10:19:08 [WARN] ID#4 - 未登录网盘账号，无法下载(-4) FILE="D:/BaiduNetdiskDownload/Dynasty.Warriors.9+奖励+dlc/MOD/3DMGAME-DW9.ssx.yedianfeng.mod.rar" SIZE="149235432"
2019-06-01 10:19:08 [WARN] ID#5 - 未登录网盘账号，无法下载(-4) FILE="D:/BaiduNetdiskDownload/Dynasty.Warriors.9+奖励+dlc/MOD/3DMGAME-DW9.ssx.meigui.dudou.mod.rar" SIZE="29431024"
2019-06-01 10:19:09 [WARN] ID#6 - 未登录网盘账号，无法下载(-4) FILE="D:/BaiduNetdiskDownload/Dynasty.Warriors.9+奖励+dlc/MOD/3DMGAME-DW9.lvlingqi.renzhe.a.micai.dudou.mod.rar" SIZE="140530845"
2019-06-01 10:19:09 [WARN] ID#7 - 未登录网盘账号，无法下载(-4) FILE="D:/BaiduNetdiskDownload/Dynasty.Warriors.9+奖励+dlc/MOD/3DMGAME-DW9.gyp.xiaotaimei.mod.rar" SIZE="29616184"
2019-06-01 10:19:09 [WARN] ID#8 - 未登录网盘账号，无法下载(-4) FILE="D:/BaiduNetdiskDownload/Dynasty.Warriors.9+奖励+dlc/MOD/3DMGAME-DW9.gyp.ff13.yuan.dudou.rar" SIZE="32084121"
2019-06-01 10:19:09 [WARN] ID#9 - 未登录网盘账号，无法下载(-4) FILE="D:/BaiduNetdiskDownload/Dynasty.Warriors.9+奖励+dlc/MOD/3DMGAME-DW9.guanyinpin.kuangyefeng.mod.rar" SIZE="157760315"
2019-06-01 10:19:09 [WARN] ID#10 - 未登录网盘账号，无法下载(-4) FILE="D:/BaiduNetdiskDownload/Dynasty.Warriors.9+奖励+dlc/MOD/3DMGAME-DW9.diaochan.huawen.dudou.rar" SIZE="29811694"
2019-06-01 10:19:10 [WARN] ID#11 - 未登录网盘账号，无法下载(-4) FILE="D:/BaiduNetdiskDownload/Dynasty.Warriors.9+奖励+dlc/注意事项.png" SIZE="1244950"
2019-06-01 10:19:10 [WARN] ID#12 - 未登录网盘账号，无法下载(-4) FILE="D:/BaiduNetdiskDownload/Dynasty.Warriors.9+奖励+dlc/补丁.rar" SIZE="18396638"
2019-06-01 10:19:33 [WARN] ID#1 - 未登录网盘账号，无法下载(-4) FILE="D:/BaiduNetdiskDownload/Dynasty.Warriors.9+奖励+dlc/MOD/注意事项.png" SIZE="1244950"
2019-06-01 10:19:33 [WARN] ID#2 - 未登录网盘账号，无法下载(-4) FILE="D:/BaiduNetdiskDownload/Dynasty.Warriors.9+奖励+dlc/MOD/3DMGAME-DW9.wyj.dudou.leisi.mod.rar" SIZE="163034562"
2019-06-01 10:19:33 [WARN] ID#3 - 未登录网盘账号，无法下载(-4) FILE="D:/BaiduNetdiskDownload/Dynasty.Warriors.9+奖励+dlc/MOD/3DMGAME-DW9.wangyaunji.gezi.dudou.mod.rar" SIZE="32571020"
2019-06-01 10:19:33 [WARN] ID#4 - 未登录网盘账号，无法下载(-4) FILE="D:/BaiduNetdiskDownload/Dynasty.Warriors.9+奖励+dlc/MOD/3DMGAME-DW9.ssx.yedianfeng.mod.rar" SIZE="149235432"
2019-06-01 10:19:34 [WARN] ID#5 - 未登录网盘账号，无法下载(-4) FILE="D:/BaiduNetdiskDownload/Dynasty.Warriors.9+奖励+dlc/MOD/3DMGAME-DW9.ssx.meigui.dudou.mod.rar" SIZE="29431024"
2019-06-01 10:19:34 [WARN] ID#6 - 未登录网盘账号，无法下载(-4) FILE="D:/BaiduNetdiskDownload/Dynasty.Warriors.9+奖励+dlc/MOD/3DMGAME-DW9.lvlingqi.renzhe.a.micai.dudou.mod.rar" SIZE="140530845"
2019-06-01 10:19:34 [WARN] ID#7 - 未登录网盘账号，无法下载(-4) FILE="D:/BaiduNetdiskDownload/Dynasty.Warriors.9+奖励+dlc/MOD/3DMGAME-DW9.gyp.xiaotaimei.mod.rar" SIZE="29616184"
2019-06-01 10:19:34 [WARN] ID#8 - 未登录网盘账号，无法下载(-4) FILE="D:/BaiduNetdiskDownload/Dynasty.Warriors.9+奖励+dlc/MOD/3DMGAME-DW9.gyp.ff13.yuan.dudou.rar" SIZE="32084121"
2019-06-01 10:19:34 [WARN] ID#9 - 未登录网盘账号，无法下载(-4) FILE="D:/BaiduNetdiskDownload/Dynasty.Warriors.9+奖励+dlc/MOD/3DMGAME-DW9.guanyinpin.kuangyefeng.mod.rar" SIZE="157760315"
2019-06-01 10:19:35 [WARN] ID#10 - 未登录网盘账号，无法下载(-4) FILE="D:/BaiduNetdiskDownload/Dynasty.Warriors.9+奖励+dlc/MOD/3DMGAME-DW9.diaochan.huawen.dudou.rar" SIZE="29811694"
2019-06-01 10:19:35 [WARN] ID#11 - 未登录网盘账号，无法下载(-4) FILE="D:/BaiduNetdiskDownload/Dynasty.Warriors.9+奖励+dlc/注意事项.png" SIZE="1244950"
2019-06-01 10:19:35 [WARN] ID#12 - 未登录网盘账号，无法下载(-4) FILE="D:/BaiduNetdiskDownload/Dynasty.Warriors.9+奖励+dlc/补丁.rar" SIZE="18396638"
2019-06-01 12:15:57 [INFO] close main window
2019-06-01 12:15:57 [WARN] aria2 websocket connection closed (127.0.0.1:6808), code: 1000 (Normal close), reason: aria2 shutdown
2019-06-01 12:15:58 [INFO] websocket client stop
2019-06-01 12:15:58 [INFO] exit
