2019-08-22 16:39:12 [INFO] pandownload version: 2.1.3
2019-08-22 16:39:14 [INFO] aria2 websocket connection opened (127.0.0.1:36943)
2019-08-22 16:39:14 [INFO] aria2 version: 1.34.0
2019-08-22 16:39:14 [INFO] aria2 json-rpc path: http://token:pandownload@127.0.0.1:36943/jsonrpc
2019-08-22 16:39:14 [INFO] create main window
2019-08-22 16:39:14 [INFO] verify cookie (637)
2019-08-22 16:39:16 [INFO] user login success (3694736204): 满载的菠萝
2019-08-22 17:31:53 [WARN] request error (0x200000001): https://pan.baidu.com/api/quota {"errno":1,"request_id":5420868302460039598}
2019-08-22 21:20:37 [WARN] request error (0x100000007): https://pan.baidu.com/api/quota 
2019-08-22 21:23:58 [WARN] request error (0x10000001c): https://pan.baidu.com/api/quota 
2019-08-22 21:24:29 [WARN] request error (0x10000001c): https://pan.baidu.com/api/report/user 
2019-08-22 21:24:59 [WARN] request error (0x10000001c): https://pan.baidu.com/api/report/user 
2019-08-22 21:27:20 [WARN] request error (0x10000001c): https://pan.baidu.com/api/quota 
2019-08-22 21:28:47 [WARN] request error (0x10000001c): https://pan.baidu.com/api/quota 
2019-08-22 21:32:05 [WARN] request error (0x10000001c): https://pan.baidu.com/api/quota 
2019-08-22 21:33:35 [WARN] request error (0x10000001c): https://pan.baidu.com/api/quota 
2019-08-22 21:34:25 [WARN] request error (0x10000001c): https://pan.baidu.com/api/quota 
2019-08-22 21:35:15 [WARN] request error (0x10000001c): https://pan.baidu.com/api/quota 
2019-08-22 21:36:05 [WARN] request error (0x10000001c): https://pan.baidu.com/api/quota 
2019-08-22 21:37:15 [WARN] request error (0x10000001c): https://pan.baidu.com/api/quota 
2019-08-22 21:38:05 [WARN] request error (0x10000001c): https://pan.baidu.com/api/quota 
2019-08-22 21:38:55 [WARN] request error (0x10000001c): https://pan.baidu.com/api/quota 
2019-08-22 21:39:45 [WARN] request error (0x10000001c): https://pan.baidu.com/api/quota 
2019-08-22 21:41:30 [WARN] request error (0x10000001c): https://pan.baidu.com/api/quota 
2019-08-22 21:42:21 [WARN] request error (0x10000001c): https://pan.baidu.com/api/quota 
2019-08-22 21:43:51 [WARN] request error (0x10000001c): https://pan.baidu.com/api/quota 
2019-08-22 21:45:36 [WARN] request error (0x10000001c): https://pan.baidu.com/api/quota 
2019-08-22 21:49:57 [WARN] request error (0x10000001c): https://pan.baidu.com/api/quota 
2019-08-22 21:50:47 [WARN] request error (0x10000001c): https://pan.baidu.com/api/quota 
2019-08-22 21:52:19 [WARN] request error (0x10000001c): https://pan.baidu.com/api/quota 
2019-08-22 21:54:46 [WARN] request error (0x10000001c): https://pan.baidu.com/api/quota 
2019-08-22 21:55:57 [WARN] request error (0x10000001c): https://pan.baidu.com/api/quota 
2019-08-22 21:57:07 [WARN] request error (0x10000001c): https://pan.baidu.com/api/quota 
2019-08-22 21:57:57 [WARN] request error (0x10000001c): https://pan.baidu.com/api/quota 
2019-08-22 21:59:46 [WARN] request error (0x10000001c): https://pan.baidu.com/api/quota 
2019-08-22 22:05:51 [WARN] request error (0x10000001c): https://pan.baidu.com/api/quota 
2019-08-22 22:06:41 [WARN] request error (0x10000001c): https://pan.baidu.com/api/quota 
2019-08-22 22:07:47 [WARN] request error (0x10000001c): https://pan.baidu.com/api/report/user 
2019-08-22 22:08:17 [WARN] request error (0x10000001c): https://pan.baidu.com/api/report/user 
2019-08-22 23:18:40 [INFO] close main window
2019-08-22 23:18:41 [WARN] aria2 websocket connection closed (127.0.0.1:36943), code: 1000 (Normal close), reason: aria2 shutdown
2019-08-22 23:18:42 [INFO] websocket client stop
2019-08-22 23:18:42 [INFO] exit
