2019-06-04 15:29:15 [INFO] pandownload version: 2.1.0
2019-06-04 15:29:16 [INFO] aria2 websocket connection opened (127.0.0.1:6808)
2019-06-04 15:29:17 [INFO] aria2 version: 1.34.0
2019-06-04 15:29:17 [INFO] aria2 json-rpc path: http://token:pandownload@127.0.0.1:6808/jsonrpc
2019-06-04 15:29:17 [INFO] create main window
2019-06-04 15:29:17 [INFO] verify cookie (636)
2019-06-04 15:29:19 [INFO] user login success (3694736204): 满载的菠萝
2019-06-04 15:29:48 [WARN] ID#1 - The response status is not successful. status=403(22) FILE="D:/BaiduNetdiskDownload/VisioPro2019Retail.img" SIZE="3549376512"
2019-06-04 15:29:49 [WARN] ID#1 - The response status is not successful. status=403(22) FILE="D:/BaiduNetdiskDownload/VisioPro2019Retail.img" SIZE="3549376512"
2019-06-04 15:29:55 [WARN] ID#1 - The response status is not successful. status=403(22) FILE="D:/BaiduNetdiskDownload/VisioPro2019Retail.img" SIZE="3549376512"
2019-06-04 15:31:00 [WARN] ID#1 - The response status is not successful. status=403(22) FILE="D:/BaiduNetdiskDownload/VisioPro2019Retail.img" SIZE="3549376512"
2019-06-04 15:31:01 [WARN] ID#1 - The response status is not successful. status=403(22) FILE="D:/BaiduNetdiskDownload/VisioPro2019Retail.img" SIZE="3549376512"
2019-06-04 15:31:03 [WARN] ID#1 - The response status is not successful. status=403(22) FILE="D:/BaiduNetdiskDownload/VisioPro2019Retail.img" SIZE="3549376512"
2019-06-04 15:31:51 [WARN] ID#1 - The response status is not successful. status=403(22) FILE="D:/BaiduNetdiskDownload/microsoft visio 2016.zip" SIZE="2618780951"
2019-06-04 15:31:52 [WARN] ID#1 - The response status is not successful. status=403(22) FILE="D:/BaiduNetdiskDownload/microsoft visio 2016.zip" SIZE="2618780951"
2019-06-04 15:31:53 [WARN] ID#1 - The response status is not successful. status=403(22) FILE="D:/BaiduNetdiskDownload/microsoft visio 2016.zip" SIZE="2618780951"
2019-06-04 15:32:28 [WARN] ID#1 - The response status is not successful. status=403(22) FILE="D:/BaiduNetdiskDownload/microsoft visio 2016.zip" SIZE="2618780951"
2019-06-04 15:32:31 [WARN] ID#1 - The response status is not successful. status=403(22) FILE="D:/BaiduNetdiskDownload/microsoft visio 2016.zip" SIZE="2618780951"
2019-06-04 15:32:33 [WARN] ID#1 - The response status is not successful. status=403(22) FILE="D:/BaiduNetdiskDownload/microsoft visio 2016.zip" SIZE="2618780951"
2019-06-04 16:27:45 [WARN] ID#1 - The response status is not successful. status=403(22) FILE="D:/BaiduNetdiskDownload/ProjectPro2019Retail.img" SIZE="3801720832"
2019-06-04 16:27:46 [WARN] ID#1 - The response status is not successful. status=403(22) FILE="D:/BaiduNetdiskDownload/ProjectPro2019Retail.img" SIZE="3801720832"
2019-06-04 16:27:47 [WARN] ID#1 - The response status is not successful. status=403(22) FILE="D:/BaiduNetdiskDownload/ProjectPro2019Retail.img" SIZE="3801720832"
2019-06-04 16:28:15 [WARN] ID#1 - The response status is not successful. status=403(22) FILE="D:/BaiduNetdiskDownload/ProjectPro2019Retail.img" SIZE="3801720832"
2019-06-04 16:28:16 [WARN] ID#1 - The response status is not successful. status=403(22) FILE="D:/BaiduNetdiskDownload/ProjectPro2019Retail.img" SIZE="3801720832"
2019-06-04 16:28:17 [WARN] ID#1 - The response status is not successful. status=403(22) FILE="D:/BaiduNetdiskDownload/ProjectPro2019Retail.img" SIZE="3801720832"
2019-06-04 16:32:35 [WARN] ID#1 - The response status is not successful. status=403(22) FILE="D:/BaiduNetdiskDownload/ProjectPro2019Retail.img" SIZE="3801720832"
2019-06-04 16:32:37 [WARN] ID#1 - The response status is not successful. status=403(22) FILE="D:/BaiduNetdiskDownload/ProjectPro2019Retail.img" SIZE="3801720832"
2019-06-04 16:32:38 [WARN] ID#1 - The response status is not successful. status=403(22) FILE="D:/BaiduNetdiskDownload/ProjectPro2019Retail.img" SIZE="3801720832"
2019-06-04 16:32:50 [WARN] aria2 websocket connection closed (127.0.0.1:6808), code: 1006 (Abnormal close), reason: 
