2019-08-23 16:43:41 [INFO] pandownload version: 2.1.3
2019-08-23 16:43:43 [INFO] aria2 websocket connection opened (127.0.0.1:36922)
2019-08-23 16:43:43 [INFO] aria2 version: 1.34.0
2019-08-23 16:43:43 [INFO] aria2 json-rpc path: http://token:pandownload@127.0.0.1:36922/jsonrpc
2019-08-23 16:43:43 [INFO] create main window
2019-08-23 16:43:44 [INFO] verify cookie (637)
2019-08-23 16:43:45 [INFO] user login success (3694736204): 满载的菠萝
2019-08-23 17:02:16 [WARN] request error (0x200000070): https://pan.baidu.com/api/sharedownload {"errno":112,"request_id":5443585424366807234,"server_time":1566550935}
2019-08-23 18:43:51 [WARN] request error (0x10000001c): https://pan.baidu.com/api/quota 
2019-08-23 19:47:57 [WARN] request error (0x200000001): https://pan.baidu.com/api/quota {"errno":1,"request_id":5446253299096724016}
2019-08-23 20:57:26 [WARN] request error (0x100000007): https://pan.baidu.com/api/quota 
2019-08-23 20:57:46 [WARN] request error (0x100000006): https://pan.baidu.com/api/quota 
2019-08-23 20:58:06 [WARN] request error (0x100000006): https://pan.baidu.com/api/quota 
2019-08-23 20:58:26 [WARN] request error (0x100000006): https://pan.baidu.com/api/quota 
2019-08-23 20:58:46 [WARN] request error (0x100000006): https://pan.baidu.com/api/quota 
2019-08-23 20:59:06 [WARN] request error (0x100000006): https://pan.baidu.com/api/quota 
2019-08-23 22:24:30 [WARN] request error (0x100000006): https://pan.baidu.com/api/quota 
2019-08-23 22:25:02 [WARN] request error (0x100000006): https://pan.baidu.com/api/quota 
2019-08-23 22:25:29 [WARN] request error (0x100000006): https://pan.baidu.com/api/quota 
2019-08-23 22:26:19 [WARN] request error (0x10000001c): https://pan.baidu.com/api/quota 
2019-08-23 22:57:07 [WARN] request error (0x10000001c): https://pan.baidu.com/api/quota 
2019-08-23 22:58:32 [WARN] request error (0x100000006): https://pan.baidu.com/api/quota 
2019-08-23 22:58:52 [WARN] request error (0x100000006): https://pan.baidu.com/api/quota 
2019-08-23 22:59:24 [WARN] request error (0x100000006): https://pan.baidu.com/api/quota 
2019-08-23 22:59:44 [WARN] request error (0x100000006): https://pan.baidu.com/api/quota 
2019-08-23 23:00:29 [WARN] request error (0x100000006): https://pan.baidu.com/api/quota 
2019-08-23 23:01:01 [WARN] request error (0x100000006): https://pan.baidu.com/api/quota 
2019-08-23 23:42:41 [WARN] request error (0x100000007): https://pan.baidu.com/api/quota 
2019-08-23 23:48:28 [INFO] close main window
2019-08-23 23:48:28 [WARN] aria2 websocket connection closed (127.0.0.1:36922), code: 1000 (Normal close), reason: aria2 shutdown
2019-08-23 23:48:29 [INFO] websocket client stop
2019-08-23 23:48:29 [INFO] exit
