2019-06-04 16:34:16 [INFO] pandownload version: 2.1.0
2019-06-04 16:34:18 [INFO] aria2 websocket connection opened (127.0.0.1:6808)
2019-06-04 16:34:18 [INFO] aria2 version: 1.34.0
2019-06-04 16:34:18 [INFO] aria2 json-rpc path: http://token:pandownload@127.0.0.1:6808/jsonrpc
2019-06-04 16:34:18 [INFO] create main window
2019-06-04 16:34:18 [INFO] verify cookie (636)
2019-06-04 16:34:20 [INFO] user login success (3694736204): 满载的菠萝
2019-06-04 16:34:26 [WARN] ID#1 - The response status is not successful. status=403(22) FILE="D:/BaiduNetdiskDownload/ProjectPro2019Retail.img" SIZE="3801720832"
2019-06-04 16:34:27 [WARN] ID#1 - The response status is not successful. status=403(22) FILE="D:/BaiduNetdiskDownload/ProjectPro2019Retail.img" SIZE="3801720832"
2019-06-04 16:34:28 [WARN] ID#1 - The response status is not successful. status=403(22) FILE="D:/BaiduNetdiskDownload/ProjectPro2019Retail.img" SIZE="3801720832"
2019-06-04 16:34:53 [WARN] ID#1 - The response status is not successful. status=403(22) FILE="D:/BaiduNetdiskDownload/ProjectPro2019Retail.img" SIZE="3801720832"
2019-06-04 16:34:54 [WARN] ID#1 - The response status is not successful. status=403(22) FILE="D:/BaiduNetdiskDownload/ProjectPro2019Retail.img" SIZE="3801720832"
2019-06-04 16:34:55 [WARN] ID#1 - The response status is not successful. status=403(22) FILE="D:/BaiduNetdiskDownload/ProjectPro2019Retail.img" SIZE="3801720832"
2019-06-04 16:35:06 [WARN] ID#1 - The response status is not successful. status=403(22) FILE="D:/BaiduNetdiskDownload/ProjectPro2019Retail.img" SIZE="3801720832"
2019-06-04 16:35:07 [WARN] ID#1 - The response status is not successful. status=403(22) FILE="D:/BaiduNetdiskDownload/ProjectPro2019Retail.img" SIZE="3801720832"
2019-06-04 16:35:09 [WARN] ID#1 - The response status is not successful. status=403(22) FILE="D:/BaiduNetdiskDownload/ProjectPro2019Retail.img" SIZE="3801720832"
2019-06-04 16:39:45 [WARN] ID#1 - The response status is not successful. status=403(22) FILE="D:/BaiduNetdiskDownload/ProjectPro2019Retail.img" SIZE="3801720832"
2019-06-04 16:39:46 [WARN] ID#1 - The response status is not successful. status=403(22) FILE="D:/BaiduNetdiskDownload/ProjectPro2019Retail.img" SIZE="3801720832"
2019-06-04 16:39:48 [WARN] ID#1 - The response status is not successful. status=403(22) FILE="D:/BaiduNetdiskDownload/ProjectPro2019Retail.img" SIZE="3801720832"
2019-06-04 16:42:04 [WARN] ID#1 - 未登录网盘账号，无法下载(-4) FILE="D:/BaiduNetdiskDownload/ProjectPro2019Retail.img" SIZE="3801720832"
2019-06-04 16:42:05 [WARN] ID#1 - 未登录网盘账号，无法下载(-4) FILE="D:/BaiduNetdiskDownload/ProjectPro2019Retail.img" SIZE="3801720832"
2019-06-04 16:42:05 [WARN] ID#1 - 未登录网盘账号，无法下载(-4) FILE="D:/BaiduNetdiskDownload/ProjectPro2019Retail.img" SIZE="3801720832"
2019-06-04 16:47:16 [INFO] close main window
2019-06-04 16:47:16 [WARN] aria2 websocket connection closed (127.0.0.1:6808), code: 1000 (Normal close), reason: aria2 shutdown
2019-06-04 16:47:17 [INFO] websocket client stop
2019-06-04 16:47:17 [INFO] exit
