2019-10-13 16:00:45 [INFO] pandownload version: 2.1.3
2019-10-13 16:00:47 [INFO] aria2 websocket connection opened (127.0.0.1:36817)
2019-10-13 16:00:47 [INFO] aria2 version: 1.34.0
2019-10-13 16:00:47 [INFO] aria2 json-rpc path: http://token:pandownload@127.0.0.1:36817/jsonrpc
2019-10-13 16:00:51 [INFO] create main window
2019-10-13 16:00:51 [INFO] verify cookie (635)
2019-10-13 16:00:53 [INFO] user login success (3694736204): 满载的菠萝
2019-10-13 16:02:29 [WARN] aria2.removeDownloadResult error (1): Could not remove download result of GID#cf1d1b66b018084c
2019-10-13 16:02:29 [WARN] aria2.removeDownloadResult error (1): Could not remove download result of GID#9cf39e58580e6c7b
2019-10-13 16:02:29 [WARN] aria2.removeDownloadResult error (1): Could not remove download result of GID#091eaa2f3662c244
2019-10-13 19:20:10 [WARN] request error (0x100000006): https://pan.baidu.com/api/quota 
2019-10-13 19:20:30 [WARN] request error (0x100000006): https://pan.baidu.com/api/quota 
2019-10-13 19:20:50 [WARN] request error (0x100000006): https://pan.baidu.com/api/quota 
2019-10-13 19:21:10 [WARN] request error (0x100000006): https://pan.baidu.com/api/quota 
2019-10-13 19:21:30 [WARN] request error (0x100000006): https://pan.baidu.com/api/quota 
2019-10-13 19:21:50 [WARN] request error (0x100000006): https://pan.baidu.com/api/quota 
2019-10-13 19:22:10 [WARN] request error (0x100000006): https://pan.baidu.com/api/quota 
2019-10-13 19:22:30 [WARN] request error (0x100000006): https://pan.baidu.com/api/quota 
2019-10-13 19:22:50 [WARN] request error (0x100000006): https://pan.baidu.com/api/quota 
2019-10-13 19:23:10 [WARN] request error (0x100000006): https://pan.baidu.com/api/quota 
2019-10-13 19:23:30 [WARN] request error (0x100000006): https://pan.baidu.com/api/quota 
2019-10-13 19:23:50 [WARN] request error (0x100000006): https://pan.baidu.com/api/quota 
2019-10-13 19:24:10 [WARN] request error (0x100000006): https://pan.baidu.com/api/quota 
2019-10-13 19:24:30 [WARN] request error (0x100000006): https://pan.baidu.com/api/quota 
2019-10-13 19:24:50 [WARN] request error (0x100000006): https://pan.baidu.com/api/quota 
2019-10-13 19:25:10 [WARN] request error (0x100000006): https://pan.baidu.com/api/quota 
2019-10-13 19:25:30 [WARN] request error (0x100000006): https://pan.baidu.com/api/quota 
2019-10-13 19:25:50 [WARN] request error (0x100000006): https://pan.baidu.com/api/quota 
2019-10-13 19:26:10 [WARN] request error (0x100000006): https://pan.baidu.com/api/quota 
2019-10-13 19:26:30 [WARN] request error (0x100000006): https://pan.baidu.com/api/quota 
2019-10-13 19:26:50 [WARN] request error (0x100000006): https://pan.baidu.com/api/quota 
2019-10-13 19:27:10 [WARN] request error (0x100000006): https://pan.baidu.com/api/quota 
2019-10-13 19:27:30 [WARN] request error (0x100000006): https://pan.baidu.com/api/quota 
2019-10-13 19:27:50 [WARN] request error (0x100000006): https://pan.baidu.com/api/quota 
2019-10-13 19:28:10 [WARN] request error (0x100000006): https://pan.baidu.com/api/quota 
2019-10-13 19:28:30 [WARN] request error (0x100000006): https://pan.baidu.com/api/quota 
2019-10-13 19:28:50 [WARN] request error (0x100000006): https://pan.baidu.com/api/quota 
2019-10-13 19:29:10 [WARN] request error (0x100000006): https://pan.baidu.com/api/quota 
2019-10-13 19:29:30 [WARN] request error (0x100000006): https://pan.baidu.com/api/quota 
2019-10-13 19:29:50 [WARN] request error (0x100000006): https://pan.baidu.com/api/quota 
2019-10-13 19:30:10 [WARN] request error (0x100000006): https://pan.baidu.com/api/quota 
2019-10-13 19:30:30 [WARN] request error (0x100000006): https://pan.baidu.com/api/quota 
2019-10-13 19:30:50 [WARN] request error (0x100000006): https://pan.baidu.com/api/quota 
2019-10-13 19:31:10 [WARN] request error (0x100000006): https://pan.baidu.com/api/quota 
2019-10-13 19:31:30 [WARN] request error (0x100000006): https://pan.baidu.com/api/quota 
2019-10-13 19:31:50 [WARN] request error (0x100000006): https://pan.baidu.com/api/quota 
2019-10-13 19:32:10 [WARN] request error (0x100000006): https://pan.baidu.com/api/quota 
2019-10-13 19:32:30 [WARN] request error (0x100000006): https://pan.baidu.com/api/quota 
2019-10-13 19:32:50 [WARN] request error (0x100000006): https://pan.baidu.com/api/quota 
2019-10-13 19:33:10 [WARN] request error (0x100000006): https://pan.baidu.com/api/quota 
2019-10-13 19:33:30 [WARN] request error (0x100000006): https://pan.baidu.com/api/quota 
2019-10-13 19:33:50 [WARN] request error (0x100000006): https://pan.baidu.com/api/quota 
2019-10-13 19:34:10 [WARN] request error (0x100000006): https://pan.baidu.com/api/quota 
2019-10-13 19:34:30 [WARN] request error (0x100000006): https://pan.baidu.com/api/quota 
2019-10-13 19:34:50 [WARN] request error (0x100000006): https://pan.baidu.com/api/quota 
2019-10-13 19:35:10 [WARN] request error (0x100000006): https://pan.baidu.com/api/quota 
2019-10-13 19:35:30 [WARN] request error (0x100000006): https://pan.baidu.com/api/quota 
2019-10-13 19:35:50 [WARN] request error (0x100000006): https://pan.baidu.com/api/quota 
2019-10-13 19:36:10 [WARN] request error (0x100000006): https://pan.baidu.com/api/quota 
2019-10-13 19:36:30 [WARN] request error (0x100000006): https://pan.baidu.com/api/quota 
2019-10-13 19:36:50 [WARN] request error (0x100000006): https://pan.baidu.com/api/quota 
2019-10-13 19:37:10 [WARN] request error (0x100000006): https://pan.baidu.com/api/quota 
2019-10-13 19:37:30 [WARN] request error (0x100000006): https://pan.baidu.com/api/quota 
2019-10-13 19:37:50 [WARN] request error (0x100000006): https://pan.baidu.com/api/quota 
2019-10-13 19:38:10 [WARN] request error (0x100000006): https://pan.baidu.com/api/quota 
2019-10-13 19:38:30 [WARN] request error (0x100000006): https://pan.baidu.com/api/quota 
2019-10-13 19:38:50 [WARN] request error (0x100000006): https://pan.baidu.com/api/quota 
2019-10-13 19:39:10 [WARN] request error (0x100000006): https://pan.baidu.com/api/quota 
2019-10-13 19:39:30 [WARN] request error (0x100000006): https://pan.baidu.com/api/quota 
2019-10-13 19:39:50 [WARN] request error (0x100000006): https://pan.baidu.com/api/quota 
2019-10-13 19:40:10 [WARN] request error (0x100000006): https://pan.baidu.com/api/quota 
2019-10-13 19:40:30 [WARN] request error (0x100000006): https://pan.baidu.com/api/quota 
2019-10-13 19:40:50 [WARN] request error (0x100000006): https://pan.baidu.com/api/quota 
2019-10-13 19:41:10 [WARN] request error (0x100000006): https://pan.baidu.com/api/quota 
2019-10-13 19:41:30 [WARN] request error (0x100000006): https://pan.baidu.com/api/quota 
2019-10-13 19:41:50 [WARN] request error (0x100000006): https://pan.baidu.com/api/quota 
2019-10-13 19:42:10 [WARN] request error (0x100000006): https://pan.baidu.com/api/quota 
2019-10-13 19:42:30 [WARN] request error (0x100000006): https://pan.baidu.com/api/quota 
2019-10-13 19:42:50 [WARN] request error (0x100000006): https://pan.baidu.com/api/quota 
2019-10-13 19:43:10 [WARN] request error (0x100000006): https://pan.baidu.com/api/quota 
2019-10-13 19:43:30 [WARN] request error (0x100000006): https://pan.baidu.com/api/quota 
2019-10-13 19:43:50 [WARN] request error (0x100000006): https://pan.baidu.com/api/quota 
2019-10-13 19:44:10 [WARN] request error (0x100000006): https://pan.baidu.com/api/quota 
2019-10-13 19:44:30 [WARN] request error (0x100000006): https://pan.baidu.com/api/quota 
2019-10-13 19:44:50 [WARN] request error (0x100000006): https://pan.baidu.com/api/quota 
2019-10-13 19:45:10 [WARN] request error (0x100000006): https://pan.baidu.com/api/quota 
2019-10-13 19:45:30 [WARN] request error (0x100000006): https://pan.baidu.com/api/quota 
2019-10-13 19:45:50 [WARN] request error (0x100000006): https://pan.baidu.com/api/quota 
2019-10-13 19:46:10 [WARN] request error (0x100000006): https://pan.baidu.com/api/quota 
2019-10-13 19:46:30 [WARN] request error (0x100000006): https://pan.baidu.com/api/quota 
2019-10-13 19:46:50 [WARN] request error (0x100000006): https://pan.baidu.com/api/quota 
2019-10-13 19:47:10 [WARN] request error (0x100000006): https://pan.baidu.com/api/quota 
2019-10-13 19:47:30 [WARN] request error (0x100000006): https://pan.baidu.com/api/quota 
2019-10-13 19:47:50 [WARN] request error (0x100000006): https://pan.baidu.com/api/quota 
2019-10-13 19:48:10 [WARN] request error (0x100000006): https://pan.baidu.com/api/quota 
2019-10-13 19:48:30 [WARN] request error (0x100000006): https://pan.baidu.com/api/quota 
2019-10-13 19:48:50 [WARN] request error (0x100000006): https://pan.baidu.com/api/quota 
2019-10-13 19:49:10 [WARN] request error (0x100000006): https://pan.baidu.com/api/quota 
2019-10-13 19:49:30 [WARN] request error (0x100000006): https://pan.baidu.com/api/quota 
2019-10-13 19:49:50 [WARN] request error (0x100000006): https://pan.baidu.com/api/quota 
2019-10-13 19:50:10 [WARN] request error (0x100000006): https://pan.baidu.com/api/quota 
2019-10-13 19:50:30 [WARN] request error (0x100000006): https://pan.baidu.com/api/quota 
2019-10-13 19:50:50 [WARN] request error (0x100000006): https://pan.baidu.com/api/quota 
2019-10-13 19:51:10 [WARN] request error (0x100000006): https://pan.baidu.com/api/quota 
2019-10-13 19:51:30 [WARN] request error (0x100000006): https://pan.baidu.com/api/quota 
2019-10-13 19:51:50 [WARN] request error (0x100000006): https://pan.baidu.com/api/quota 
2019-10-13 19:52:11 [WARN] request error (0x100000006): https://pan.baidu.com/api/quota 
2019-10-13 19:52:31 [WARN] request error (0x100000006): https://pan.baidu.com/api/quota 
2019-10-13 19:52:51 [WARN] request error (0x100000006): https://pan.baidu.com/api/quota 
2019-10-13 19:53:11 [WARN] request error (0x100000006): https://pan.baidu.com/api/quota 
2019-10-13 19:53:31 [WARN] request error (0x100000006): https://pan.baidu.com/api/quota 
2019-10-13 19:53:51 [WARN] request error (0x100000006): https://pan.baidu.com/api/quota 
2019-10-13 19:54:11 [WARN] request error (0x100000006): https://pan.baidu.com/api/quota 
2019-10-13 19:54:31 [WARN] request error (0x100000006): https://pan.baidu.com/api/quota 
2019-10-13 19:54:51 [WARN] request error (0x100000006): https://pan.baidu.com/api/quota 
2019-10-13 19:55:11 [WARN] request error (0x100000006): https://pan.baidu.com/api/quota 
2019-10-13 19:55:31 [WARN] request error (0x100000006): https://pan.baidu.com/api/quota 
2019-10-13 19:55:51 [WARN] request error (0x100000006): https://pan.baidu.com/api/quota 
2019-10-13 19:56:11 [WARN] request error (0x100000006): https://pan.baidu.com/api/quota 
2019-10-13 19:56:31 [WARN] request error (0x100000006): https://pan.baidu.com/api/quota 
2019-10-13 19:56:51 [WARN] request error (0x100000006): https://pan.baidu.com/api/quota 
2019-10-13 19:57:11 [WARN] request error (0x100000006): https://pan.baidu.com/api/quota 
2019-10-13 19:57:31 [WARN] request error (0x100000006): https://pan.baidu.com/api/quota 
2019-10-13 19:57:51 [WARN] request error (0x100000006): https://pan.baidu.com/api/quota 
2019-10-13 19:58:11 [WARN] request error (0x100000006): https://pan.baidu.com/api/quota 
2019-10-13 19:58:31 [WARN] request error (0x100000006): https://pan.baidu.com/api/quota 
2019-10-13 19:58:51 [WARN] request error (0x100000006): https://pan.baidu.com/api/quota 
2019-10-13 19:59:11 [WARN] request error (0x100000006): https://pan.baidu.com/api/quota 
2019-10-13 19:59:31 [WARN] request error (0x100000006): https://pan.baidu.com/api/quota 
2019-10-13 19:59:51 [WARN] request error (0x100000006): https://pan.baidu.com/api/quota 
2019-10-13 20:00:11 [WARN] request error (0x100000006): https://pan.baidu.com/api/quota 
2019-10-13 20:00:31 [WARN] request error (0x100000006): https://pan.baidu.com/api/quota 
2019-10-13 20:00:51 [WARN] request error (0x100000006): https://pan.baidu.com/api/quota 
2019-10-13 20:01:11 [WARN] request error (0x100000006): https://pan.baidu.com/api/quota 
2019-10-13 20:01:31 [WARN] request error (0x100000006): https://pan.baidu.com/api/quota 
2019-10-13 20:01:51 [WARN] request error (0x100000006): https://pan.baidu.com/api/quota 
2019-10-13 20:02:11 [WARN] request error (0x100000006): https://pan.baidu.com/api/quota 
2019-10-13 20:02:31 [WARN] request error (0x100000006): https://pan.baidu.com/api/quota 
2019-10-13 20:02:51 [WARN] request error (0x100000006): https://pan.baidu.com/api/quota 
2019-10-13 20:03:11 [WARN] request error (0x100000006): https://pan.baidu.com/api/quota 
2019-10-13 20:03:31 [WARN] request error (0x100000006): https://pan.baidu.com/api/quota 
2019-10-13 20:03:51 [WARN] request error (0x100000006): https://pan.baidu.com/api/quota 
2019-10-13 20:04:11 [WARN] request error (0x100000006): https://pan.baidu.com/api/quota 
2019-10-13 20:04:31 [WARN] request error (0x100000006): https://pan.baidu.com/api/quota 
2019-10-13 20:04:51 [WARN] request error (0x100000006): https://pan.baidu.com/api/quota 
2019-10-13 20:05:11 [WARN] request error (0x100000006): https://pan.baidu.com/api/quota 
2019-10-13 20:05:31 [WARN] request error (0x100000006): https://pan.baidu.com/api/quota 
2019-10-13 20:05:51 [WARN] request error (0x100000006): https://pan.baidu.com/api/quota 
2019-10-13 20:06:11 [WARN] request error (0x100000006): https://pan.baidu.com/api/quota 
2019-10-13 20:06:31 [WARN] request error (0x100000006): https://pan.baidu.com/api/quota 
2019-10-13 20:06:51 [WARN] request error (0x100000006): https://pan.baidu.com/api/quota 
2019-10-13 20:07:11 [WARN] request error (0x100000006): https://pan.baidu.com/api/quota 
2019-10-13 20:07:31 [WARN] request error (0x100000006): https://pan.baidu.com/api/quota 
2019-10-13 20:07:51 [WARN] request error (0x100000006): https://pan.baidu.com/api/quota 
2019-10-13 20:08:11 [WARN] request error (0x100000006): https://pan.baidu.com/api/quota 
2019-10-13 20:08:31 [WARN] request error (0x100000006): https://pan.baidu.com/api/quota 
2019-10-13 20:08:51 [WARN] request error (0x100000006): https://pan.baidu.com/api/quota 
2019-10-13 20:09:11 [WARN] request error (0x100000006): https://pan.baidu.com/api/quota 
2019-10-13 20:09:31 [WARN] request error (0x100000006): https://pan.baidu.com/api/quota 
2019-10-13 20:09:51 [WARN] request error (0x100000006): https://pan.baidu.com/api/quota 
2019-10-13 20:10:11 [WARN] request error (0x100000006): https://pan.baidu.com/api/quota 
2019-10-13 20:10:31 [WARN] request error (0x100000006): https://pan.baidu.com/api/quota 
2019-10-13 20:10:51 [WARN] request error (0x100000006): https://pan.baidu.com/api/quota 
2019-10-13 20:11:11 [WARN] request error (0x100000006): https://pan.baidu.com/api/quota 
2019-10-13 20:11:31 [WARN] request error (0x100000006): https://pan.baidu.com/api/quota 
2019-10-13 20:11:51 [WARN] request error (0x100000006): https://pan.baidu.com/api/quota 
2019-10-13 20:12:11 [WARN] request error (0x100000006): https://pan.baidu.com/api/quota 
2019-10-13 20:12:31 [WARN] request error (0x100000006): https://pan.baidu.com/api/quota 
2019-10-13 20:12:51 [WARN] request error (0x100000006): https://pan.baidu.com/api/quota 
2019-10-13 20:13:11 [WARN] request error (0x100000006): https://pan.baidu.com/api/quota 
2019-10-13 20:13:31 [WARN] request error (0x100000006): https://pan.baidu.com/api/quota 
2019-10-13 20:13:51 [WARN] request error (0x100000006): https://pan.baidu.com/api/quota 
2019-10-13 20:14:11 [WARN] request error (0x100000006): https://pan.baidu.com/api/quota 
2019-10-13 20:14:31 [WARN] request error (0x100000006): https://pan.baidu.com/api/quota 
2019-10-13 20:14:51 [WARN] request error (0x100000006): https://pan.baidu.com/api/quota 
2019-10-13 20:15:11 [WARN] request error (0x100000006): https://pan.baidu.com/api/quota 
2019-10-13 20:15:31 [WARN] request error (0x100000006): https://pan.baidu.com/api/quota 
2019-10-13 20:15:51 [WARN] request error (0x100000006): https://pan.baidu.com/api/quota 
2019-10-13 20:16:11 [WARN] request error (0x100000006): https://pan.baidu.com/api/quota 
2019-10-13 20:16:31 [WARN] request error (0x100000006): https://pan.baidu.com/api/quota 
2019-10-13 20:16:51 [WARN] request error (0x100000006): https://pan.baidu.com/api/quota 
2019-10-13 20:17:11 [WARN] request error (0x100000006): https://pan.baidu.com/api/quota 
2019-10-13 20:17:31 [WARN] request error (0x100000006): https://pan.baidu.com/api/quota 
2019-10-13 20:17:51 [WARN] request error (0x100000006): https://pan.baidu.com/api/quota 
2019-10-13 20:18:11 [WARN] request error (0x100000006): https://pan.baidu.com/api/quota 
2019-10-13 20:18:31 [WARN] request error (0x100000006): https://pan.baidu.com/api/quota 
2019-10-13 20:18:51 [WARN] request error (0x100000006): https://pan.baidu.com/api/quota 
2019-10-13 20:19:11 [WARN] request error (0x100000006): https://pan.baidu.com/api/quota 
2019-10-13 20:19:31 [WARN] request error (0x100000006): https://pan.baidu.com/api/quota 
2019-10-13 20:19:51 [WARN] request error (0x100000006): https://pan.baidu.com/api/quota 
2019-10-13 20:20:11 [WARN] request error (0x100000006): https://pan.baidu.com/api/quota 
2019-10-13 20:20:31 [WARN] request error (0x100000006): https://pan.baidu.com/api/quota 
2019-10-13 20:20:51 [WARN] request error (0x100000006): https://pan.baidu.com/api/quota 
2019-10-13 20:21:11 [WARN] request error (0x100000006): https://pan.baidu.com/api/quota 
2019-10-13 20:21:31 [WARN] request error (0x100000006): https://pan.baidu.com/api/quota 
2019-10-13 20:21:51 [WARN] request error (0x100000006): https://pan.baidu.com/api/quota 
2019-10-13 20:22:11 [WARN] request error (0x100000006): https://pan.baidu.com/api/quota 
2019-10-13 20:22:31 [WARN] request error (0x100000006): https://pan.baidu.com/api/quota 
2019-10-13 20:22:51 [WARN] request error (0x100000006): https://pan.baidu.com/api/quota 
2019-10-13 20:23:11 [WARN] request error (0x100000006): https://pan.baidu.com/api/quota 
2019-10-13 20:23:31 [WARN] request error (0x100000006): https://pan.baidu.com/api/quota 
2019-10-13 20:23:51 [WARN] request error (0x100000006): https://pan.baidu.com/api/quota 
2019-10-13 20:24:11 [WARN] request error (0x100000006): https://pan.baidu.com/api/quota 
2019-10-13 20:24:31 [WARN] request error (0x100000006): https://pan.baidu.com/api/quota 
2019-10-13 20:24:51 [WARN] request error (0x100000006): https://pan.baidu.com/api/quota 
2019-10-13 20:25:11 [WARN] request error (0x100000006): https://pan.baidu.com/api/quota 
2019-10-13 20:25:31 [WARN] request error (0x100000006): https://pan.baidu.com/api/quota 
2019-10-13 20:25:51 [WARN] request error (0x100000006): https://pan.baidu.com/api/quota 
2019-10-13 20:26:11 [WARN] request error (0x100000006): https://pan.baidu.com/api/quota 
2019-10-13 20:26:31 [WARN] request error (0x100000006): https://pan.baidu.com/api/quota 
2019-10-13 20:26:51 [WARN] request error (0x100000006): https://pan.baidu.com/api/quota 
2019-10-13 20:27:11 [WARN] request error (0x100000006): https://pan.baidu.com/api/quota 
2019-10-13 20:27:31 [WARN] request error (0x100000006): https://pan.baidu.com/api/quota 
2019-10-13 20:27:51 [WARN] request error (0x100000006): https://pan.baidu.com/api/quota 
2019-10-13 20:28:11 [WARN] request error (0x100000006): https://pan.baidu.com/api/quota 
2019-10-13 20:28:31 [WARN] request error (0x100000006): https://pan.baidu.com/api/quota 
2019-10-13 20:28:51 [WARN] request error (0x100000006): https://pan.baidu.com/api/quota 
2019-10-13 20:29:11 [WARN] request error (0x100000006): https://pan.baidu.com/api/quota 
2019-10-13 20:29:31 [WARN] request error (0x100000006): https://pan.baidu.com/api/quota 
2019-10-13 20:29:51 [WARN] request error (0x100000006): https://pan.baidu.com/api/quota 
2019-10-13 20:30:11 [WARN] request error (0x100000006): https://pan.baidu.com/api/quota 
2019-10-13 20:30:31 [WARN] request error (0x100000006): https://pan.baidu.com/api/quota 
2019-10-13 20:30:51 [WARN] request error (0x100000006): https://pan.baidu.com/api/quota 
2019-10-13 20:31:11 [WARN] request error (0x100000006): https://pan.baidu.com/api/quota 
2019-10-13 20:31:31 [WARN] request error (0x100000006): https://pan.baidu.com/api/quota 
2019-10-13 20:31:51 [WARN] request error (0x100000006): https://pan.baidu.com/api/quota 
2019-10-13 20:32:11 [WARN] request error (0x100000006): https://pan.baidu.com/api/quota 
2019-10-13 20:32:31 [WARN] request error (0x100000006): https://pan.baidu.com/api/quota 
2019-10-13 20:32:51 [WARN] request error (0x100000006): https://pan.baidu.com/api/quota 
2019-10-13 20:33:11 [WARN] request error (0x100000006): https://pan.baidu.com/api/quota 
2019-10-13 20:33:31 [WARN] request error (0x100000006): https://pan.baidu.com/api/quota 
2019-10-13 20:33:51 [WARN] request error (0x100000006): https://pan.baidu.com/api/quota 
2019-10-13 20:34:11 [WARN] request error (0x100000006): https://pan.baidu.com/api/quota 
2019-10-13 20:34:31 [WARN] request error (0x100000006): https://pan.baidu.com/api/quota 
2019-10-13 20:34:51 [WARN] request error (0x100000006): https://pan.baidu.com/api/quota 
2019-10-13 20:35:11 [WARN] request error (0x100000006): https://pan.baidu.com/api/quota 
2019-10-13 20:35:31 [WARN] request error (0x100000006): https://pan.baidu.com/api/quota 
2019-10-13 20:35:51 [WARN] request error (0x100000006): https://pan.baidu.com/api/quota 
2019-10-13 20:36:11 [WARN] request error (0x100000006): https://pan.baidu.com/api/quota 
2019-10-13 20:36:31 [WARN] request error (0x100000006): https://pan.baidu.com/api/quota 
2019-10-13 20:36:51 [WARN] request error (0x100000006): https://pan.baidu.com/api/quota 
2019-10-13 20:37:11 [WARN] request error (0x100000006): https://pan.baidu.com/api/quota 
2019-10-13 20:37:31 [WARN] request error (0x100000006): https://pan.baidu.com/api/quota 
2019-10-13 20:37:51 [WARN] request error (0x100000006): https://pan.baidu.com/api/quota 
2019-10-13 20:38:11 [WARN] request error (0x100000006): https://pan.baidu.com/api/quota 
2019-10-13 20:38:31 [WARN] request error (0x100000006): https://pan.baidu.com/api/quota 
2019-10-13 20:38:51 [WARN] request error (0x100000006): https://pan.baidu.com/api/quota 
2019-10-13 20:39:11 [WARN] request error (0x100000006): https://pan.baidu.com/api/quota 
2019-10-13 20:39:31 [WARN] request error (0x100000006): https://pan.baidu.com/api/quota 
