2019-09-30 19:55:28 [INFO] pandownload version: 2.1.3
2019-09-30 19:55:31 [INFO] aria2 websocket connection opened (127.0.0.1:36882)
2019-09-30 19:55:31 [INFO] aria2 version: 1.34.0
2019-09-30 19:55:31 [INFO] aria2 json-rpc path: http://token:pandownload@127.0.0.1:36882/jsonrpc
2019-09-30 19:55:32 [INFO] create main window
2019-09-30 19:55:32 [INFO] verify cookie (637)
2019-09-30 19:55:35 [INFO] user login success (3694736204): 满载的菠萝
2019-09-30 20:10:23 [WARN] ID#1 - user is not authorized, hitcode:118(-1) FILE="D:/BaiduNetdiskDownload/LSJ20190921.rar" SIZE="43402558"
2019-09-30 20:10:24 [WARN] ID#1 - user is not authorized, hitcode:118(-1) FILE="D:/BaiduNetdiskDownload/LSJ20190921.rar" SIZE="43402558"
2019-09-30 20:10:25 [WARN] ID#1 - user is not authorized, hitcode:118(-1) FILE="D:/BaiduNetdiskDownload/LSJ20190921.rar" SIZE="43402558"
2019-09-30 20:10:37 [WARN] ID#1 - user is not authorized, hitcode:118(-1) FILE="D:/BaiduNetdiskDownload/LSJ20190921.rar" SIZE="43402558"
2019-09-30 20:10:39 [WARN] ID#1 - user is not authorized, hitcode:118(-1) FILE="D:/BaiduNetdiskDownload/LSJ20190921.rar" SIZE="43402558"
2019-09-30 20:10:40 [WARN] ID#1 - user is not authorized, hitcode:118(-1) FILE="D:/BaiduNetdiskDownload/LSJ20190921.rar" SIZE="43402558"
2019-09-30 20:10:46 [WARN] ID#1 - user is not authorized, hitcode:118(-1) FILE="D:/BaiduNetdiskDownload/LSJ20190921.rar" SIZE="43402558"
2019-09-30 20:10:46 [WARN] ID#1 - user is not authorized, hitcode:118(-1) FILE="D:/BaiduNetdiskDownload/LSJ20190921.rar" SIZE="43402558"
2019-09-30 20:10:47 [WARN] ID#1 - user is not authorized, hitcode:118(-1) FILE="D:/BaiduNetdiskDownload/LSJ20190921.rar" SIZE="43402558"
2019-09-30 20:11:40 [WARN] ID#1 - user is not authorized, hitcode:118(-1) FILE="D:/BaiduNetdiskDownload/LSJ20190921.rar" SIZE="43402558"
2019-09-30 20:11:41 [WARN] ID#1 - user is not authorized, hitcode:118(-1) FILE="D:/BaiduNetdiskDownload/LSJ20190921.rar" SIZE="43402558"
2019-09-30 20:11:42 [WARN] ID#1 - user is not authorized, hitcode:118(-1) FILE="D:/BaiduNetdiskDownload/LSJ20190921.rar" SIZE="43402558"
2019-09-30 20:12:57 [WARN] ID#1 - user is not authorized, hitcode:118(-1) FILE="D:/BaiduNetdiskDownload/LSJ20190921.rar" SIZE="43402558"
2019-09-30 20:12:57 [WARN] ID#1 - user is not authorized, hitcode:118(-1) FILE="D:/BaiduNetdiskDownload/LSJ20190921.rar" SIZE="43402558"
2019-09-30 20:12:58 [WARN] ID#1 - user is not authorized, hitcode:118(-1) FILE="D:/BaiduNetdiskDownload/LSJ20190921.rar" SIZE="43402558"
2019-09-30 20:13:03 [INFO] close main window
2019-09-30 20:13:03 [WARN] aria2 websocket connection closed (127.0.0.1:36882), code: 1000 (Normal close), reason: aria2 shutdown
2019-09-30 20:13:04 [INFO] websocket client stop
2019-09-30 20:13:04 [INFO] exit
