2019-09-30 22:29:51 [INFO] pandownload version: 2.1.3
2019-09-30 22:29:52 [INFO] aria2 websocket connection opened (127.0.0.1:36878)
2019-09-30 22:29:52 [INFO] aria2 version: 1.34.0
2019-09-30 22:29:52 [INFO] aria2 json-rpc path: http://token:pandownload@127.0.0.1:36878/jsonrpc
2019-09-30 22:29:52 [INFO] create main window
2019-09-30 22:30:46 [INFO] verify cookie (635)
2019-09-30 22:30:48 [INFO] user login success (3694736204): 满载的菠萝
2019-09-30 22:30:59 [WARN] script log (默认): user is not authorized, hitcode:118
2019-09-30 22:30:59 [WARN] ID#1 - user is not authorized, hitcode:118(-1) FILE="D:/BaiduNetdiskDownload/[POISON N°9 Bambina].7z" SIZE="779476786"
2019-09-30 22:30:59 [WARN] script log (默认): user is not authorized, hitcode:118
2019-09-30 22:31:00 [WARN] ID#1 - user is not authorized, hitcode:118(-1) FILE="D:/BaiduNetdiskDownload/[POISON N°9 Bambina].7z" SIZE="779476786"
2019-09-30 22:31:00 [WARN] script log (默认): user is not authorized, hitcode:118
2019-09-30 22:31:00 [WARN] ID#1 - user is not authorized, hitcode:118(-1) FILE="D:/BaiduNetdiskDownload/[POISON N°9 Bambina].7z" SIZE="779476786"
2019-09-30 22:31:06 [WARN] script log (默认): user is not authorized, hitcode:118
2019-09-30 22:31:06 [WARN] ID#2 - user is not authorized, hitcode:118(-1) FILE="D:/BaiduNetdiskDownload/Cat Girl Playroom.rar" SIZE="127513840"
2019-09-30 22:31:07 [WARN] script log (默认): user is not authorized, hitcode:118
2019-09-30 22:31:07 [WARN] ID#2 - user is not authorized, hitcode:118(-1) FILE="D:/BaiduNetdiskDownload/Cat Girl Playroom.rar" SIZE="127513840"
2019-09-30 22:31:07 [WARN] script log (默认): user is not authorized, hitcode:118
2019-09-30 22:31:07 [WARN] ID#2 - user is not authorized, hitcode:118(-1) FILE="D:/BaiduNetdiskDownload/Cat Girl Playroom.rar" SIZE="127513840"
2019-09-30 22:33:36 [WARN] request error (0x2ffffffec): https://pan.baidu.com/api/sharedownload {"errno":-20,"request_id":6330248725775068505,"server_time":1569854014}
2019-09-30 22:33:42 [WARN] ID#1 - user is not authorized, hitcode:118(-1) FILE="D:/BaiduNetdiskDownload/[POISON N°9 Bambina].7z" SIZE="779476786"
2019-09-30 22:33:43 [WARN] ID#1 - user is not authorized, hitcode:118(-1) FILE="D:/BaiduNetdiskDownload/[POISON N°9 Bambina].7z" SIZE="779476786"
2019-09-30 22:33:43 [WARN] ID#1 - user is not authorized, hitcode:118(-1) FILE="D:/BaiduNetdiskDownload/[POISON N°9 Bambina].7z" SIZE="779476786"
